#
# A fatal error has been detected by the Java Runtime Environment:
#
#  EXCEPTION_ACCESS_VIOLATION (0xc0000005) at pc=0x00007ffff7ddc4be, pid=8168, tid=7136
#
# JRE version: Java(TM) SE Runtime Environment (16.0.2+7) (build 16.0.2+7-67)
# Java VM: Java HotSpot(TM) 64-Bit Server VM (16.0.2+7-67, mixed mode, sharing, tiered, compressed oops, compressed class ptrs, g1 gc, windows-amd64)
# Problematic frame:
# C  [native-platform-file-events.dll+0x1c4be]
#
# No core dump will be written. Minidumps are not enabled by default on client versions of Windows
#
# If you would like to submit a bug report, please visit:
#   https://bugreport.java.com/bugreport/crash.jsp
# The crash happened outside the Java Virtual Machine in native code.
# See problematic frame for where to report the bug.
#

---------------  S U M M A R Y ------------

Command Line: --add-opens=java.base/java.util=ALL-UNNAMED --add-opens=java.base/java.lang=ALL-UNNAMED --add-opens=java.base/java.lang.invoke=ALL-UNNAMED --add-opens=java.base/java.util=ALL-UNNAMED --add-opens=java.prefs/java.util.prefs=ALL-UNNAMED --add-opens=java.prefs/java.util.prefs=ALL-UNNAMED --add-opens=java.base/java.nio.charset=ALL-UNNAMED --add-opens=java.base/java.net=ALL-UNNAMED --add-opens=java.base/java.util.concurrent.atomic=ALL-UNNAMED -XX:MaxMetaspaceSize=256m -XX:+HeapDumpOnOutOfMemoryError -Xms256m -Xmx512m -Dfile.encoding=windows-1252 -Duser.country=US -Duser.language=en -Duser.variant org.gradle.launcher.daemon.bootstrap.GradleDaemon 7.1

Host: Intel(R) Core(TM) i5-6500 CPU @ 3.20GHz, 4 cores, 15G,  Windows 10 , 64 bit Build 19041 (10.0.19041.1566)
Time: Thu Apr 14 07:16:11 2022 Central Daylight Time elapsed time: 45.458863 seconds (0d 0h 0m 45s)

---------------  T H R E A D  ---------------

Current thread (0x000001c3b6e2bfd0):  JavaThread "File watcher server" daemon [_thread_in_native, id=7136, stack(0x000000b129700000,0x000000b129800000)]

Stack: [0x000000b129700000,0x000000b129800000],  sp=0x000000b1297fe570,  free space=1017k
Native frames: (J=compiled Java code, j=interpreted, Vv=VM code, C=native code)
C  [native-platform-file-events.dll+0x1c4be]

Java frames: (J=compiled Java code, j=interpreted, Vv=VM code)
j  net.rubygrapefruit.platform.internal.jni.AbstractFileEventFunctions$NativeFileWatcher.executeRunLoop0(Ljava/lang/Object;)V+0
j  net.rubygrapefruit.platform.internal.jni.AbstractFileEventFunctions$NativeFileWatcher.access$100(Lnet/rubygrapefruit/platform/internal/jni/AbstractFileEventFunctions$NativeFileWatcher;Ljava/lang/Object;)V+2
j  net.rubygrapefruit.platform.internal.jni.AbstractFileEventFunctions$NativeFileWatcher$1.run()V+26
v  ~StubRoutines::call_stub

siginfo: EXCEPTION_ACCESS_VIOLATION (0xc0000005), reading address 0xffffffffffffffff


Register to memory mapping:

RIP=0x00007ffff7ddc4be native-platform-file-events.dll
RAX=0x6e732f6c616e7265 is an unknown value
RBX=0x0000000000000001 is an unknown value
RCX=0x6e732f6c616e7265 is an unknown value
RDX=0x000000b1297fe5c8 is pointing into the stack for thread: 0x000001c3b6e2bfd0
RSP=0x000000b1297fe570 is pointing into the stack for thread: 0x000001c3b6e2bfd0
RBP=0x000000b1297fef68 is pointing into the stack for thread: 0x000001c3b6e2bfd0
RSI=0x0 is NULL
RDI=0x00000000ffffffff is an unallocated location in the heap
R8 =0x000000b1297fe5d0 is pointing into the stack for thread: 0x000001c3b6e2bfd0
R9 =0x000000007ffef000 points into unknown readable memory: 0x00000000546c6148 | 48 61 6c 54 00 00 00 00
R10=0x00000000546c6148 is an unknown value
R11=0xfffff73b08f1f91f is an unknown value
R12=0x0 is NULL
R13={method} {0x000001c3b9658de0} 'executeRunLoop0' '(Ljava/lang/Object;)V' in 'net/rubygrapefruit/platform/internal/jni/AbstractFileEventFunctions$NativeFileWatcher'
R14=0x000000b1297fef90 is pointing into the stack for thread: 0x000001c3b6e2bfd0
R15=0x000001c3b6e2bfd0 is a thread


Registers:
RAX=0x6e732f6c616e7265, RBX=0x0000000000000001, RCX=0x6e732f6c616e7265, RDX=0x000000b1297fe5c8
RSP=0x000000b1297fe570, RBP=0x000000b1297fef68, RSI=0x0000000000000000, RDI=0x00000000ffffffff
R8 =0x000000b1297fe5d0, R9 =0x000000007ffef000, R10=0x00000000546c6148, R11=0xfffff73b08f1f91f
R12=0x0000000000000000, R13=0x000001c3b9658dd8, R14=0x000000b1297fef90, R15=0x000001c3b6e2bfd0
RIP=0x00007ffff7ddc4be, EFLAGS=0x0000000000010202

Top of Stack: (sp=0x000000b1297fe570)
0x000000b1297fe570:   00004c4acd27e890 00004c4accf81278
0x000000b1297fe580:   00004c4acd27e890 00007ffff7df7be5
0x000000b1297fe590:   000000b1297fe648 000000b1297fe5c8
0x000000b1297fe5a0:   000000b100000000 000000b1297fe5d8
0x000000b1297fe5b0:   000000b1297f0001 000000c34ed9ffc4
0x000000b1297fe5c0:   000000b1297fe5d0 0000000000000003
0x000000b1297fe5d0:   00004c4accf81278 00004c4acd27e890
0x000000b1297fe5e0:   000000b1297fef90 00007ffff7df7777
0x000000b1297fe5f0:   000000b1297fe648 000000b1297fe640
0x000000b1297fe600:   000001c3b4e42070 00000000e061cb10
0x000000b1297fe610:   0000000000000000 00007ffff7de8bee
0x000000b1297fe620:   00004c4acd27e890 0000000000000003
0x000000b1297fe630:   000000b128ffbf90 000001c3a1089a59
0x000000b1297fe640:   00005e36dc45bae3 0000000000000003
0x000000b1297fe650:   0000000000000000 00007ffff7ddc6ec
0x000000b1297fe660:   6e732f6c616e7265 000000b100000003 

Instructions: (pc=0x00007ffff7ddc4be)
0x00007ffff7ddc3be:   8b 00 48 89 44 24 38 48 8b 44 24 38 48 89 44 24
0x00007ffff7ddc3ce:   58 48 8b 84 24 b0 00 00 00 48 83 c0 08 48 89 44
0x00007ffff7ddc3de:   24 40 48 8d 54 24 70 48 8b 4c 24 40 e8 26 50 fe
0x00007ffff7ddc3ee:   ff 48 8b 00 48 89 44 24 48 48 8b 44 24 48 48 89
0x00007ffff7ddc3fe:   44 24 60 4c 8b 4c 24 50 4c 8b 44 24 58 48 8b 54
0x00007ffff7ddc40e:   24 60 48 8d 4c 24 78 e8 31 92 fe ff 48 8d 4c 24
0x00007ffff7ddc41e:   78 e8 8b 6a fe ff 48 8b c8 ff 15 db ab 11 00 89
0x00007ffff7ddc42e:   44 24 24 83 7c 24 24 ff 74 15 8b 44 24 24 83 e0
0x00007ffff7ddc43e:   10 85 c0 74 0a c7 44 24 28 01 00 00 00 eb 08 c7
0x00007ffff7ddc44e:   44 24 28 00 00 00 00 0f b6 44 24 28 88 44 24 20
0x00007ffff7ddc45e:   48 8d 4c 24 78 e8 1f 97 fe ff 0f b6 44 24 20 48
0x00007ffff7ddc46e:   8b 8c 24 98 00 00 00 48 33 cc e8 8f 76 fe ff 48
0x00007ffff7ddc47e:   81 c4 a8 00 00 00 c3 cc cc cc cc cc cc cc cc cc
0x00007ffff7ddc48e:   cc cc 48 89 4c 24 08 48 81 ec e8 00 00 00 48 8b
0x00007ffff7ddc49e:   05 a5 7d 10 00 48 33 c4 48 89 84 24 d0 00 00 00
0x00007ffff7ddc4ae:   c7 44 24 30 00 00 00 00 48 8b 84 24 f0 00 00 00
0x00007ffff7ddc4be:   83 78 68 03 0f 84 02 01 00 00 48 8b 84 24 f0 00
0x00007ffff7ddc4ce:   00 00 48 8b 48 28 ff 15 36 ab 11 00 89 44 24 38
0x00007ffff7ddc4de:   83 7c 24 38 00 0f 85 d0 00 00 00 ba 07 00 00 00
0x00007ffff7ddc4ee:   48 8b 0d 1b b0 10 00 e8 48 a4 fe ff 88 44 24 34
0x00007ffff7ddc4fe:   0f b6 44 24 34 85 c0 0f 84 90 00 00 00 ff 15 07
0x00007ffff7ddc50e:   ab 11 00 89 44 24 3c 48 8b 84 24 f0 00 00 00 48
0x00007ffff7ddc51e:   83 c0 08 48 8b d0 48 8d 8c 24 90 00 00 00 e8 05
0x00007ffff7ddc52e:   51 fe ff 48 89 44 24 40 48 8b 44 24 40 48 89 44
0x00007ffff7ddc53e:   24 48 8b 44 24 30 83 c8 01 89 44 24 30 48 8b 4c
0x00007ffff7ddc54e:   24 48 e8 d5 52 fe ff 48 89 44 24 50 48 8b 84 24
0x00007ffff7ddc55e:   f0 00 00 00 48 8b 40 28 48 89 44 24 58 8b 44 24
0x00007ffff7ddc56e:   3c 89 44 24 28 48 8b 44 24 50 48 89 44 24 20 4c
0x00007ffff7ddc57e:   8b 4c 24 58 4c 8d 05 77 af 0d 00 ba 07 00 00 00
0x00007ffff7ddc58e:   48 8b 0d 7b af 10 00 e8 f8 71 fe ff 90 8b 44 24
0x00007ffff7ddc59e:   30 83 e0 01 85 c0 74 13 83 64 24 30 fe 48 8d 8c
0x00007ffff7ddc5ae:   24 90 00 00 00 e8 e7 5a fe ff 90 eb 00 48 8b 84 


Stack slot to memory mapping:
stack at sp + 0 slots: 0x00004c4acd27e890 is an unknown value
stack at sp + 1 slots: 0x00004c4accf81278 is an unknown value
stack at sp + 2 slots: 0x00004c4acd27e890 is an unknown value
stack at sp + 3 slots: 0x00007ffff7df7be5 native-platform-file-events.dll
stack at sp + 4 slots: 0x000000b1297fe648 is pointing into the stack for thread: 0x000001c3b6e2bfd0
stack at sp + 5 slots: 0x000000b1297fe5c8 is pointing into the stack for thread: 0x000001c3b6e2bfd0
stack at sp + 6 slots: 0x000000b100000000 is an unknown value
stack at sp + 7 slots: 0x000000b1297fe5d8 is pointing into the stack for thread: 0x000001c3b6e2bfd0


---------------  P R O C E S S  ---------------

Threads class SMR info:
_java_thread_list=0x000001c3ba5bd370, length=82, elements={
0x000001c3980cafa0, 0x000001c3b3fa8a60, 0x000001c3b3fa9370, 0x000001c3b3fbd090,
0x000001c3b3fbd9a0, 0x000001c3b3fbe2b0, 0x000001c3b3fbebc0, 0x000001c3b3fc2f90,
0x000001c3b3fcb8f0, 0x000001c3b3fcd250, 0x000001c3b4a06f50, 0x000001c3b4a07a80,
0x000001c3b6a9c3f0, 0x000001c3b71a9ad0, 0x000001c3b6046020, 0x000001c3b5f67e50,
0x000001c3b560c490, 0x000001c3b6a5c310, 0x000001c3b6a5c830, 0x000001c3b5627270,
0x000001c3b6e2b530, 0x000001c3b6e2cfc0, 0x000001c3b6e2a540, 0x000001c3b6e2c520,
0x000001c3b6e2ba80, 0x000001c3b6e2bfd0, 0x000001c3b6e2afe0, 0x000001c3b6ad2a30,
0x000001c3b6ad2f80, 0x000001c3b6acd530, 0x000001c3b6ad3a20, 0x000001c3b6ad14f0,
0x000001c3b6ace520, 0x000001c3b6ad44c0, 0x000001c3b6acefc0, 0x000001c3b6ad0500,
0x000001c3b6acfa60, 0x000001c3b5c25cc0, 0x000001c3b5c27200, 0x000001c3b5c26cb0,
0x000001c3b5c26210, 0x000001c3b5c23ce0, 0x000001c3b5c217b0, 0x000001c3b5c227a0,
0x000001c3b5c23790, 0x000001c3b5c21d00, 0x000001c3b5c1f7d0, 0x000001c3b5c20d10,
0x000001c3b5c22cf0, 0x000001c3b5c1fd20, 0x000001c3b5c25220, 0x000001c3b5c23240,
0x000001c3b5c20270, 0x000001c3b5c24cd0, 0x000001c3b5c207c0, 0x000001c3b6e2d510,
0x000001c3b6acda80, 0x000001c3ba7cd4c0, 0x000001c3ba7cbf80, 0x000001c3ba7caf90,
0x000001c3ba7cb4e0, 0x000001c3ba7cc4d0, 0x000001c3ba7ccf70, 0x000001c3ba7cda10,
0x000001c3ba7caa40, 0x000001c3ba7cba30, 0x000001c3ba7cca20, 0x000001c3ba7ca4f0,
0x000001c3bc21b030, 0x000001c3bc21a590, 0x000001c3bc218060, 0x000001c3bc21b580,
0x000001c3bc219af0, 0x000001c3bc218b00, 0x000001c3bc21aae0, 0x000001c3bc2185b0,
0x000001c3bc219050, 0x000001c3bc2195a0, 0x000001c3bc21a040, 0x000001c3ba4be1e0,
0x000001c3ba4c26f0, 0x000001c3ba4c3c30
}

Java Threads: ( => current thread )
  0x000001c3980cafa0 JavaThread "main" [_thread_blocked, id=8516, stack(0x000000b127200000,0x000000b127300000)]
  0x000001c3b3fa8a60 JavaThread "Reference Handler" daemon [_thread_blocked, id=8992, stack(0x000000b127900000,0x000000b127a00000)]
  0x000001c3b3fa9370 JavaThread "Finalizer" daemon [_thread_blocked, id=8308, stack(0x000000b127a00000,0x000000b127b00000)]
  0x000001c3b3fbd090 JavaThread "Signal Dispatcher" daemon [_thread_blocked, id=7624, stack(0x000000b127b00000,0x000000b127c00000)]
  0x000001c3b3fbd9a0 JavaThread "Attach Listener" daemon [_thread_blocked, id=9880, stack(0x000000b127c00000,0x000000b127d00000)]
  0x000001c3b3fbe2b0 JavaThread "Service Thread" daemon [_thread_blocked, id=10792, stack(0x000000b127d00000,0x000000b127e00000)]
  0x000001c3b3fbebc0 JavaThread "Monitor Deflation Thread" daemon [_thread_blocked, id=5504, stack(0x000000b127e00000,0x000000b127f00000)]
  0x000001c3b3fc2f90 JavaThread "C2 CompilerThread0" daemon [_thread_in_native, id=8288, stack(0x000000b127f00000,0x000000b128000000)]
  0x000001c3b3fcb8f0 JavaThread "C1 CompilerThread0" daemon [_thread_blocked, id=6676, stack(0x000000b128000000,0x000000b128100000)]
  0x000001c3b3fcd250 JavaThread "Sweeper thread" daemon [_thread_blocked, id=10332, stack(0x000000b128100000,0x000000b128200000)]
  0x000001c3b4a06f50 JavaThread "Common-Cleaner" daemon [_thread_blocked, id=8388, stack(0x000000b128200000,0x000000b128300000)]
  0x000001c3b4a07a80 JavaThread "Notification Thread" daemon [_thread_blocked, id=424, stack(0x000000b128300000,0x000000b128400000)]
  0x000001c3b6a9c3f0 JavaThread "Daemon health stats" [_thread_blocked, id=8460, stack(0x000000b128900000,0x000000b128a00000)]
  0x000001c3b71a9ad0 JavaThread "Incoming local TCP Connector on port 56787" [_thread_in_native, id=7176, stack(0x000000b128a00000,0x000000b128b00000)]
  0x000001c3b6046020 JavaThread "Daemon periodic checks" [_thread_blocked, id=4628, stack(0x000000b128b00000,0x000000b128c00000)]
  0x000001c3b5f67e50 JavaThread "Daemon" [_thread_blocked, id=1696, stack(0x000000b128c00000,0x000000b128d00000)]
  0x000001c3b560c490 JavaThread "Handler for socket connection from /127.0.0.1:56787 to /127.0.0.1:56788" [_thread_in_native, id=7404, stack(0x000000b128d00000,0x000000b128e00000)]
  0x000001c3b6a5c310 JavaThread "Cancel handler" [_thread_blocked, id=7548, stack(0x000000b128e00000,0x000000b128f00000)]
  0x000001c3b6a5c830 JavaThread "Daemon worker" [_thread_in_native, id=8916, stack(0x000000b128f00000,0x000000b129000000)]
  0x000001c3b5627270 JavaThread "Asynchronous log dispatcher for DefaultDaemonConnection: socket connection from /127.0.0.1:56787 to /127.0.0.1:56788" [_thread_blocked, id=2604, stack(0x000000b129000000,0x000000b129100000)]
  0x000001c3b6e2b530 JavaThread "Stdin handler" [_thread_blocked, id=6512, stack(0x000000b129100000,0x000000b129200000)]
  0x000001c3b6e2cfc0 JavaThread "Daemon client event forwarder" [_thread_blocked, id=7920, stack(0x000000b129200000,0x000000b129300000)]
  0x000001c3b6e2a540 JavaThread "Cache worker for journal cache (C:\Users\SLHSCS203\.gradle\caches\journal-1)" [_thread_blocked, id=9272, stack(0x000000b129300000,0x000000b129400000)]
  0x000001c3b6e2c520 JavaThread "File lock request listener" [_thread_in_native, id=10232, stack(0x000000b129400000,0x000000b129500000)]
  0x000001c3b6e2ba80 JavaThread "Cache worker for file hash cache (C:\Users\SLHSCS203\.gradle\caches\7.1\fileHashes)" [_thread_blocked, id=5804, stack(0x000000b129500000,0x000000b129600000)]
=>0x000001c3b6e2bfd0 JavaThread "File watcher server" daemon [_thread_in_native, id=7136, stack(0x000000b129700000,0x000000b129800000)]
  0x000001c3b6e2afe0 JavaThread "File watcher consumer" daemon [_thread_blocked, id=10532, stack(0x000000b129800000,0x000000b129900000)]
  0x000001c3b6ad2a30 JavaThread "Cache worker for execution history cache (C:\Users\SLHSCS203\.gradle\caches\7.1\executionHistory)" [_thread_blocked, id=10340, stack(0x000000b129c00000,0x000000b129d00000)]
  0x000001c3b6ad2f80 JavaThread "jar transforms" [_thread_blocked, id=2316, stack(0x000000b129d00000,0x000000b129e00000)]
  0x000001c3b6acd530 JavaThread "jar transforms Thread 2" [_thread_blocked, id=6924, stack(0x000000b129e00000,0x000000b129f00000)]
  0x000001c3b6ad3a20 JavaThread "Cache worker for file content cache (C:\Users\SLHSCS203\.gradle\caches\7.1\fileContent)" [_thread_blocked, id=2784, stack(0x000000b129f00000,0x000000b12a000000)]
  0x000001c3b6ad14f0 JavaThread "jar transforms Thread 3" [_thread_blocked, id=11000, stack(0x000000b12a000000,0x000000b12a100000)]
  0x000001c3b6ace520 JavaThread "jar transforms Thread 4" [_thread_blocked, id=11104, stack(0x000000b12a100000,0x000000b12a200000)]
  0x000001c3b6ad44c0 JavaThread "Cache worker for kotlin-dsl (C:\Users\SLHSCS203\.gradle\caches\7.1\kotlin-dsl)" [_thread_blocked, id=10220, stack(0x000000b12a200000,0x000000b12a300000)]
  0x000001c3b6acefc0 JavaThread "Unconstrained build operations" [_thread_blocked, id=1112, stack(0x000000b12a500000,0x000000b12a600000)]
  0x000001c3b6ad0500 JavaThread "Unconstrained build operations Thread 2" [_thread_blocked, id=7612, stack(0x000000b12a600000,0x000000b12a700000)]
  0x000001c3b6acfa60 JavaThread "Unconstrained build operations Thread 3" [_thread_blocked, id=8452, stack(0x000000b12a700000,0x000000b12a800000)]
  0x000001c3b5c25cc0 JavaThread "Unconstrained build operations Thread 4" [_thread_blocked, id=6500, stack(0x000000b12a800000,0x000000b12a900000)]
  0x000001c3b5c27200 JavaThread "Unconstrained build operations Thread 5" [_thread_blocked, id=7788, stack(0x000000b12a900000,0x000000b12aa00000)]
  0x000001c3b5c26cb0 JavaThread "Unconstrained build operations Thread 6" [_thread_blocked, id=10820, stack(0x000000b12aa00000,0x000000b12ab00000)]
  0x000001c3b5c26210 JavaThread "Unconstrained build operations Thread 7" [_thread_blocked, id=8744, stack(0x000000b12ab00000,0x000000b12ac00000)]
  0x000001c3b5c23ce0 JavaThread "Unconstrained build operations Thread 8" [_thread_blocked, id=4216, stack(0x000000b12ac00000,0x000000b12ad00000)]
  0x000001c3b5c217b0 JavaThread "Unconstrained build operations Thread 9" [_thread_blocked, id=9480, stack(0x000000b12ad00000,0x000000b12ae00000)]
  0x000001c3b5c227a0 JavaThread "Unconstrained build operations Thread 10" [_thread_blocked, id=5460, stack(0x000000b12ae00000,0x000000b12af00000)]
  0x000001c3b5c23790 JavaThread "Unconstrained build operations Thread 11" [_thread_blocked, id=5108, stack(0x000000b12af00000,0x000000b12b000000)]
  0x000001c3b5c21d00 JavaThread "Unconstrained build operations Thread 12" [_thread_blocked, id=6220, stack(0x000000b12b000000,0x000000b12b100000)]
  0x000001c3b5c1f7d0 JavaThread "Unconstrained build operations Thread 13" [_thread_blocked, id=5480, stack(0x000000b12b100000,0x000000b12b200000)]
  0x000001c3b5c20d10 JavaThread "Unconstrained build operations Thread 14" [_thread_blocked, id=5320, stack(0x000000b12b200000,0x000000b12b300000)]
  0x000001c3b5c22cf0 JavaThread "Unconstrained build operations Thread 15" [_thread_blocked, id=10912, stack(0x000000b12b300000,0x000000b12b400000)]
  0x000001c3b5c1fd20 JavaThread "Unconstrained build operations Thread 16" [_thread_blocked, id=8124, stack(0x000000b12b400000,0x000000b12b500000)]
  0x000001c3b5c25220 JavaThread "Unconstrained build operations Thread 17" [_thread_blocked, id=10436, stack(0x000000b12b500000,0x000000b12b600000)]
  0x000001c3b5c23240 JavaThread "Unconstrained build operations Thread 18" [_thread_blocked, id=11216, stack(0x000000b12b600000,0x000000b12b700000)]
  0x000001c3b5c20270 JavaThread "Memory manager" [_thread_blocked, id=8976, stack(0x000000b12b700000,0x000000b12b800000)]
  0x000001c3b5c24cd0 JavaThread "Unconstrained build operations Thread 19" [_thread_blocked, id=5764, stack(0x000000b12bc00000,0x000000b12bd00000)]
  0x000001c3b5c207c0 JavaThread "Unconstrained build operations Thread 20" [_thread_blocked, id=10596, stack(0x000000b12bd00000,0x000000b12be00000)]
  0x000001c3b6e2d510 JavaThread "Unconstrained build operations Thread 21" [_thread_blocked, id=1544, stack(0x000000b12be00000,0x000000b12bf00000)]
  0x000001c3b6acda80 JavaThread "Unconstrained build operations Thread 22" [_thread_blocked, id=2000, stack(0x000000b12bf00000,0x000000b12c000000)]
  0x000001c3ba7cd4c0 JavaThread "Unconstrained build operations Thread 23" [_thread_blocked, id=10812, stack(0x000000b12c000000,0x000000b12c100000)]
  0x000001c3ba7cbf80 JavaThread "Unconstrained build operations Thread 24" [_thread_blocked, id=3116, stack(0x000000b12c100000,0x000000b12c200000)]
  0x000001c3ba7caf90 JavaThread "Unconstrained build operations Thread 25" [_thread_blocked, id=1108, stack(0x000000b12c200000,0x000000b12c300000)]
  0x000001c3ba7cb4e0 JavaThread "Unconstrained build operations Thread 26" [_thread_blocked, id=3572, stack(0x000000b12c300000,0x000000b12c400000)]
  0x000001c3ba7cc4d0 JavaThread "Unconstrained build operations Thread 27" [_thread_blocked, id=11020, stack(0x000000b12c400000,0x000000b12c500000)]
  0x000001c3ba7ccf70 JavaThread "Unconstrained build operations Thread 28" [_thread_blocked, id=9700, stack(0x000000b12c500000,0x000000b12c600000)]
  0x000001c3ba7cda10 JavaThread "Unconstrained build operations Thread 29" [_thread_blocked, id=3376, stack(0x000000b12c600000,0x000000b12c700000)]
  0x000001c3ba7caa40 JavaThread "Cache worker for Java compile cache (C:\Users\SLHSCS203\.gradle\caches\7.1\javaCompile)" [_thread_blocked, id=7248, stack(0x000000b12c700000,0x000000b12c800000)]
  0x000001c3ba7cba30 JavaThread "Build operations" [_thread_blocked, id=9728, stack(0x000000b12c800000,0x000000b12c900000)]
  0x000001c3ba7cca20 JavaThread "Build operations Thread 2" [_thread_blocked, id=5288, stack(0x000000b12c900000,0x000000b12ca00000)]
  0x000001c3ba7ca4f0 JavaThread "Build operations Thread 3" [_thread_blocked, id=7192, stack(0x000000b12ca00000,0x000000b12cb00000)]
  0x000001c3bc21b030 JavaThread "Build operations Thread 4" [_thread_blocked, id=1756, stack(0x000000b12cb00000,0x000000b12cc00000)]
  0x000001c3bc21a590 JavaThread "Unconstrained build operations Thread 30" [_thread_blocked, id=6224, stack(0x000000b12ce00000,0x000000b12cf00000)]
  0x000001c3bc218060 JavaThread "Unconstrained build operations Thread 31" [_thread_blocked, id=10148, stack(0x000000b12cf00000,0x000000b12d000000)]
  0x000001c3bc21b580 JavaThread "Unconstrained build operations Thread 32" [_thread_blocked, id=5604, stack(0x000000b12d000000,0x000000b12d100000)]
  0x000001c3bc219af0 JavaThread "Unconstrained build operations Thread 33" [_thread_blocked, id=10672, stack(0x000000b12d100000,0x000000b12d200000)]
  0x000001c3bc218b00 JavaThread "Unconstrained build operations Thread 34" [_thread_blocked, id=8952, stack(0x000000b12d200000,0x000000b12d300000)]
  0x000001c3bc21aae0 JavaThread "Unconstrained build operations Thread 35" [_thread_blocked, id=7772, stack(0x000000b12d300000,0x000000b12d400000)]
  0x000001c3bc2185b0 JavaThread "Unconstrained build operations Thread 36" [_thread_blocked, id=6644, stack(0x000000b12d400000,0x000000b12d500000)]
  0x000001c3bc219050 JavaThread "Exec process" [_thread_blocked, id=8364, stack(0x000000b12d500000,0x000000b12d600000)]
  0x000001c3bc2195a0 JavaThread "DisconnectableInputStream source reader" daemon [_thread_blocked, id=9572, stack(0x000000b12d600000,0x000000b12d700000)]
  0x000001c3bc21a040 JavaThread "Exec process Thread 2" [_thread_blocked, id=10328, stack(0x000000b12d700000,0x000000b12d800000)]
  0x000001c3ba4be1e0 JavaThread "Exec process Thread 3" [_thread_blocked, id=11108, stack(0x000000b12d800000,0x000000b12d900000)]
  0x000001c3ba4c26f0 JavaThread "Exec process Thread 4" [_thread_blocked, id=8532, stack(0x000000b12d900000,0x000000b12da00000)]
  0x000001c3ba4c3c30 JavaThread "DisconnectableInputStream source reader" daemon [_thread_in_vm, id=3420, stack(0x000000b128500000,0x000000b128600000)]

Other Threads:
  0x000001c3b3f9c520 VMThread "VM Thread" [stack: 0x000000b127800000,0x000000b127900000] [id=3236]
  0x000001c3b4a08fb0 WatcherThread [stack: 0x000000b128400000,0x000000b128500000] [id=5792]
  0x000001c3980f1e80 GCTaskThread "GC Thread#0" [stack: 0x000000b127300000,0x000000b127400000] [id=5096]
  0x000001c3b4b2bfc0 GCTaskThread "GC Thread#1" [stack: 0x000000b128600000,0x000000b128700000] [id=7088]
  0x000001c3b4bd8850 GCTaskThread "GC Thread#2" [stack: 0x000000b128700000,0x000000b128800000] [id=11140]
  0x000001c3b4bd8b60 GCTaskThread "GC Thread#3" [stack: 0x000000b128800000,0x000000b128900000] [id=10892]
  0x000001c3980f7d80 ConcurrentGCThread "G1 Main Marker" [stack: 0x000000b127400000,0x000000b127500000] [id=11200]
  0x000001c3980f8dc0 ConcurrentGCThread "G1 Conc#0" [stack: 0x000000b127500000,0x000000b127600000] [id=8104]
  0x000001c3b3e52530 ConcurrentGCThread "G1 Refine#0" [stack: 0x000000b127600000,0x000000b127700000] [id=3412]
  0x000001c3b6773b80 ConcurrentGCThread "G1 Refine#1" [stack: 0x000000b12cc00000,0x000000b12cd00000] [id=10200]
  0x000001c3b6774540 ConcurrentGCThread "G1 Refine#2" [stack: 0x000000b12cd00000,0x000000b12ce00000] [id=1084]
  0x000001c3b3e52c60 ConcurrentGCThread "G1 Service" [stack: 0x000000b127700000,0x000000b127800000] [id=9828]

Threads with active compile tasks:

VM state: not at safepoint (normal execution)

VM Mutex/Monitor currently owned by a thread: None

Heap address: 0x00000000e0000000, size: 512 MB, Compressed Oops mode: 32-bit

CDS archive(s) mapped at: [0x0000000800000000-0x0000000800bb0000-0x0000000800bb0000), size 12255232, SharedBaseAddress: 0x0000000800000000, ArchiveRelocationMode: 0.
Compressed class space mapped at: 0x0000000800c00000-0x000000080dc00000, reserved size: 218103808
Narrow klass base: 0x0000000800000000, Narrow klass shift: 3, Narrow klass range: 0x100000000

GC Precious Log:
 CPUs: 4 total, 4 available
 Memory: 16268M
 Large Page Support: Disabled
 NUMA Support: Disabled
 Compressed Oops: Enabled (32-bit)
 Heap Region Size: 1M
 Heap Min Capacity: 256M
 Heap Initial Capacity: 256M
 Heap Max Capacity: 512M
 Pre-touch: Disabled
 Parallel Workers: 4
 Concurrent Workers: 1
 Concurrent Refinement Workers: 4
 Periodic GC: Disabled

Heap:
 garbage-first heap   total 262144K, used 59697K [0x00000000e0000000, 0x0000000100000000)
  region size 1024K, 40 young (40960K), 18 survivors (18432K)
 Metaspace       used 50620K, committed 51200K, reserved 262144K
  class space    used 7010K, committed 7296K, reserved 212992K

Heap Regions: E=young(eden), S=young(survivor), O=old, HS=humongous(starts), HC=humongous(continues), CS=collection set, F=free, OA=open archive, CA=closed archive, TAMS=top-at-mark-start (previous, next)
|   0|0x00000000e0000000, 0x00000000e0100000, 0x00000000e0100000|100%|HS|  |TAMS 0x00000000e0100000, 0x00000000e0000000| Complete 
|   1|0x00000000e0100000, 0x00000000e0200000, 0x00000000e0200000|100%|HC|  |TAMS 0x00000000e0200000, 0x00000000e0100000| Complete 
|   2|0x00000000e0200000, 0x00000000e0300000, 0x00000000e0300000|100%|HC|  |TAMS 0x00000000e0300000, 0x00000000e0200000| Complete 
|   3|0x00000000e0300000, 0x00000000e0400000, 0x00000000e0400000|100%| O|  |TAMS 0x00000000e0400000, 0x00000000e0300000| Untracked 
|   4|0x00000000e0400000, 0x00000000e0500000, 0x00000000e0500000|100%| O|  |TAMS 0x00000000e0500000, 0x00000000e0400000| Untracked 
|   5|0x00000000e0500000, 0x00000000e0600000, 0x00000000e0600000|100%| O|  |TAMS 0x00000000e0600000, 0x00000000e0500000| Untracked 
|   6|0x00000000e0600000, 0x00000000e0700000, 0x00000000e0700000|100%| O|  |TAMS 0x00000000e06d7200, 0x00000000e0600000| Untracked 
|   7|0x00000000e0700000, 0x00000000e0800000, 0x00000000e0800000|100%| O|  |TAMS 0x00000000e0700000, 0x00000000e0700000| Untracked 
|   8|0x00000000e0800000, 0x00000000e0900000, 0x00000000e0900000|100%| O|  |TAMS 0x00000000e0800000, 0x00000000e0800000| Untracked 
|   9|0x00000000e0900000, 0x00000000e0a00000, 0x00000000e0a00000|100%| O|  |TAMS 0x00000000e0900000, 0x00000000e0900000| Untracked 
|  10|0x00000000e0a00000, 0x00000000e0b00000, 0x00000000e0b00000|100%| O|  |TAMS 0x00000000e0a00000, 0x00000000e0a00000| Untracked 
|  11|0x00000000e0b00000, 0x00000000e0c00000, 0x00000000e0c00000|100%| O|  |TAMS 0x00000000e0b00000, 0x00000000e0b00000| Untracked 
|  12|0x00000000e0c00000, 0x00000000e0d00000, 0x00000000e0d00000|100%| O|  |TAMS 0x00000000e0c00000, 0x00000000e0c00000| Untracked 
|  13|0x00000000e0d00000, 0x00000000e0e00000, 0x00000000e0e00000|100%| O|  |TAMS 0x00000000e0d00000, 0x00000000e0d00000| Untracked 
|  14|0x00000000e0e00000, 0x00000000e0f00000, 0x00000000e0f00000|100%| O|  |TAMS 0x00000000e0e00000, 0x00000000e0e00000| Untracked 
|  15|0x00000000e0f00000, 0x00000000e1000000, 0x00000000e1000000|100%| O|  |TAMS 0x00000000e0f00000, 0x00000000e0f00000| Untracked 
|  16|0x00000000e1000000, 0x00000000e1100000, 0x00000000e1100000|100%| O|  |TAMS 0x00000000e1000000, 0x00000000e1000000| Untracked 
|  17|0x00000000e1100000, 0x00000000e1200000, 0x00000000e1200000|100%| O|  |TAMS 0x00000000e1100000, 0x00000000e1100000| Untracked 
|  18|0x00000000e1200000, 0x00000000e1300000, 0x00000000e1300000|100%| O|  |TAMS 0x00000000e1200000, 0x00000000e1200000| Untracked 
|  19|0x00000000e1300000, 0x00000000e134c400, 0x00000000e1400000| 29%| O|  |TAMS 0x00000000e1300000, 0x00000000e1300000| Untracked 
|  20|0x00000000e1400000, 0x00000000e1400000, 0x00000000e1500000|  0%| F|  |TAMS 0x00000000e1400000, 0x00000000e1400000| Untracked 
|  21|0x00000000e1500000, 0x00000000e1500000, 0x00000000e1600000|  0%| F|  |TAMS 0x00000000e1500000, 0x00000000e1500000| Untracked 
|  22|0x00000000e1600000, 0x00000000e1600000, 0x00000000e1700000|  0%| F|  |TAMS 0x00000000e1600000, 0x00000000e1600000| Untracked 
|  23|0x00000000e1700000, 0x00000000e1700000, 0x00000000e1800000|  0%| F|  |TAMS 0x00000000e1700000, 0x00000000e1700000| Untracked 
|  24|0x00000000e1800000, 0x00000000e1800000, 0x00000000e1900000|  0%| F|  |TAMS 0x00000000e1800000, 0x00000000e1800000| Untracked 
|  25|0x00000000e1900000, 0x00000000e1900000, 0x00000000e1a00000|  0%| F|  |TAMS 0x00000000e1900000, 0x00000000e1900000| Untracked 
|  26|0x00000000e1a00000, 0x00000000e1a00000, 0x00000000e1b00000|  0%| F|  |TAMS 0x00000000e1a00000, 0x00000000e1a00000| Untracked 
|  27|0x00000000e1b00000, 0x00000000e1b00000, 0x00000000e1c00000|  0%| F|  |TAMS 0x00000000e1b00000, 0x00000000e1b00000| Untracked 
|  28|0x00000000e1c00000, 0x00000000e1c00000, 0x00000000e1d00000|  0%| F|  |TAMS 0x00000000e1c00000, 0x00000000e1c00000| Untracked 
|  29|0x00000000e1d00000, 0x00000000e1d00000, 0x00000000e1e00000|  0%| F|  |TAMS 0x00000000e1d00000, 0x00000000e1d00000| Untracked 
|  30|0x00000000e1e00000, 0x00000000e1e00000, 0x00000000e1f00000|  0%| F|  |TAMS 0x00000000e1e00000, 0x00000000e1e00000| Untracked 
|  31|0x00000000e1f00000, 0x00000000e1f00000, 0x00000000e2000000|  0%| F|  |TAMS 0x00000000e1f00000, 0x00000000e1f00000| Untracked 
|  32|0x00000000e2000000, 0x00000000e2000000, 0x00000000e2100000|  0%| F|  |TAMS 0x00000000e2000000, 0x00000000e2000000| Untracked 
|  33|0x00000000e2100000, 0x00000000e2100000, 0x00000000e2200000|  0%| F|  |TAMS 0x00000000e2100000, 0x00000000e2100000| Untracked 
|  34|0x00000000e2200000, 0x00000000e2200000, 0x00000000e2300000|  0%| F|  |TAMS 0x00000000e2200000, 0x00000000e2200000| Untracked 
|  35|0x00000000e2300000, 0x00000000e2300000, 0x00000000e2400000|  0%| F|  |TAMS 0x00000000e2300000, 0x00000000e2300000| Untracked 
|  36|0x00000000e2400000, 0x00000000e2400000, 0x00000000e2500000|  0%| F|  |TAMS 0x00000000e2400000, 0x00000000e2400000| Untracked 
|  37|0x00000000e2500000, 0x00000000e2500000, 0x00000000e2600000|  0%| F|  |TAMS 0x00000000e2500000, 0x00000000e2500000| Untracked 
|  38|0x00000000e2600000, 0x00000000e2600000, 0x00000000e2700000|  0%| F|  |TAMS 0x00000000e2600000, 0x00000000e2600000| Untracked 
|  39|0x00000000e2700000, 0x00000000e2700000, 0x00000000e2800000|  0%| F|  |TAMS 0x00000000e2700000, 0x00000000e2700000| Untracked 
|  40|0x00000000e2800000, 0x00000000e2800000, 0x00000000e2900000|  0%| F|  |TAMS 0x00000000e2800000, 0x00000000e2800000| Untracked 
|  41|0x00000000e2900000, 0x00000000e2900000, 0x00000000e2a00000|  0%| F|  |TAMS 0x00000000e2900000, 0x00000000e2900000| Untracked 
|  42|0x00000000e2a00000, 0x00000000e2a00000, 0x00000000e2b00000|  0%| F|  |TAMS 0x00000000e2a00000, 0x00000000e2a00000| Untracked 
|  43|0x00000000e2b00000, 0x00000000e2b00000, 0x00000000e2c00000|  0%| F|  |TAMS 0x00000000e2b00000, 0x00000000e2b00000| Untracked 
|  44|0x00000000e2c00000, 0x00000000e2c00000, 0x00000000e2d00000|  0%| F|  |TAMS 0x00000000e2c00000, 0x00000000e2c00000| Untracked 
|  45|0x00000000e2d00000, 0x00000000e2d00000, 0x00000000e2e00000|  0%| F|  |TAMS 0x00000000e2d00000, 0x00000000e2d00000| Untracked 
|  46|0x00000000e2e00000, 0x00000000e2e00000, 0x00000000e2f00000|  0%| F|  |TAMS 0x00000000e2e00000, 0x00000000e2e00000| Untracked 
|  47|0x00000000e2f00000, 0x00000000e2f00000, 0x00000000e3000000|  0%| F|  |TAMS 0x00000000e2f00000, 0x00000000e2f00000| Untracked 
|  48|0x00000000e3000000, 0x00000000e3000000, 0x00000000e3100000|  0%| F|  |TAMS 0x00000000e3000000, 0x00000000e3000000| Untracked 
|  49|0x00000000e3100000, 0x00000000e3100000, 0x00000000e3200000|  0%| F|  |TAMS 0x00000000e3100000, 0x00000000e3100000| Untracked 
|  50|0x00000000e3200000, 0x00000000e3200000, 0x00000000e3300000|  0%| F|  |TAMS 0x00000000e3200000, 0x00000000e3200000| Untracked 
|  51|0x00000000e3300000, 0x00000000e3300000, 0x00000000e3400000|  0%| F|  |TAMS 0x00000000e3300000, 0x00000000e3300000| Untracked 
|  52|0x00000000e3400000, 0x00000000e3400000, 0x00000000e3500000|  0%| F|  |TAMS 0x00000000e3400000, 0x00000000e3400000| Untracked 
|  53|0x00000000e3500000, 0x00000000e3500000, 0x00000000e3600000|  0%| F|  |TAMS 0x00000000e3500000, 0x00000000e3500000| Untracked 
|  54|0x00000000e3600000, 0x00000000e3600000, 0x00000000e3700000|  0%| F|  |TAMS 0x00000000e3600000, 0x00000000e3600000| Untracked 
|  55|0x00000000e3700000, 0x00000000e3700000, 0x00000000e3800000|  0%| F|  |TAMS 0x00000000e3700000, 0x00000000e3700000| Untracked 
|  56|0x00000000e3800000, 0x00000000e3800000, 0x00000000e3900000|  0%| F|  |TAMS 0x00000000e3800000, 0x00000000e3800000| Untracked 
|  57|0x00000000e3900000, 0x00000000e3900000, 0x00000000e3a00000|  0%| F|  |TAMS 0x00000000e3900000, 0x00000000e3900000| Untracked 
|  58|0x00000000e3a00000, 0x00000000e3a00000, 0x00000000e3b00000|  0%| F|  |TAMS 0x00000000e3a00000, 0x00000000e3a00000| Untracked 
|  59|0x00000000e3b00000, 0x00000000e3b00000, 0x00000000e3c00000|  0%| F|  |TAMS 0x00000000e3b00000, 0x00000000e3b00000| Untracked 
|  60|0x00000000e3c00000, 0x00000000e3c00000, 0x00000000e3d00000|  0%| F|  |TAMS 0x00000000e3c00000, 0x00000000e3c00000| Untracked 
|  61|0x00000000e3d00000, 0x00000000e3d00000, 0x00000000e3e00000|  0%| F|  |TAMS 0x00000000e3d00000, 0x00000000e3d00000| Untracked 
|  62|0x00000000e3e00000, 0x00000000e3e00000, 0x00000000e3f00000|  0%| F|  |TAMS 0x00000000e3e00000, 0x00000000e3e00000| Untracked 
|  63|0x00000000e3f00000, 0x00000000e3f00000, 0x00000000e4000000|  0%| F|  |TAMS 0x00000000e3f00000, 0x00000000e3f00000| Untracked 
|  64|0x00000000e4000000, 0x00000000e4000000, 0x00000000e4100000|  0%| F|  |TAMS 0x00000000e4000000, 0x00000000e4000000| Untracked 
|  65|0x00000000e4100000, 0x00000000e4100000, 0x00000000e4200000|  0%| F|  |TAMS 0x00000000e4100000, 0x00000000e4100000| Untracked 
|  66|0x00000000e4200000, 0x00000000e4200000, 0x00000000e4300000|  0%| F|  |TAMS 0x00000000e4200000, 0x00000000e4200000| Untracked 
|  67|0x00000000e4300000, 0x00000000e4300000, 0x00000000e4400000|  0%| F|  |TAMS 0x00000000e4300000, 0x00000000e4300000| Untracked 
|  68|0x00000000e4400000, 0x00000000e4400000, 0x00000000e4500000|  0%| F|  |TAMS 0x00000000e4400000, 0x00000000e4400000| Untracked 
|  69|0x00000000e4500000, 0x00000000e4500000, 0x00000000e4600000|  0%| F|  |TAMS 0x00000000e4500000, 0x00000000e4500000| Untracked 
|  70|0x00000000e4600000, 0x00000000e4600000, 0x00000000e4700000|  0%| F|  |TAMS 0x00000000e4600000, 0x00000000e4600000| Untracked 
|  71|0x00000000e4700000, 0x00000000e4700000, 0x00000000e4800000|  0%| F|  |TAMS 0x00000000e4700000, 0x00000000e4700000| Untracked 
|  72|0x00000000e4800000, 0x00000000e4800000, 0x00000000e4900000|  0%| F|  |TAMS 0x00000000e4800000, 0x00000000e4800000| Untracked 
|  73|0x00000000e4900000, 0x00000000e4900000, 0x00000000e4a00000|  0%| F|  |TAMS 0x00000000e4900000, 0x00000000e4900000| Untracked 
|  74|0x00000000e4a00000, 0x00000000e4a00000, 0x00000000e4b00000|  0%| F|  |TAMS 0x00000000e4a00000, 0x00000000e4a00000| Untracked 
|  75|0x00000000e4b00000, 0x00000000e4b00000, 0x00000000e4c00000|  0%| F|  |TAMS 0x00000000e4b00000, 0x00000000e4b00000| Untracked 
|  76|0x00000000e4c00000, 0x00000000e4c00000, 0x00000000e4d00000|  0%| F|  |TAMS 0x00000000e4c00000, 0x00000000e4c00000| Untracked 
|  77|0x00000000e4d00000, 0x00000000e4d00000, 0x00000000e4e00000|  0%| F|  |TAMS 0x00000000e4d00000, 0x00000000e4d00000| Untracked 
|  78|0x00000000e4e00000, 0x00000000e4e00000, 0x00000000e4f00000|  0%| F|  |TAMS 0x00000000e4e00000, 0x00000000e4e00000| Untracked 
|  79|0x00000000e4f00000, 0x00000000e4f00000, 0x00000000e5000000|  0%| F|  |TAMS 0x00000000e4f00000, 0x00000000e4f00000| Untracked 
|  80|0x00000000e5000000, 0x00000000e5000000, 0x00000000e5100000|  0%| F|  |TAMS 0x00000000e5000000, 0x00000000e5000000| Untracked 
|  81|0x00000000e5100000, 0x00000000e5100000, 0x00000000e5200000|  0%| F|  |TAMS 0x00000000e5100000, 0x00000000e5100000| Untracked 
|  82|0x00000000e5200000, 0x00000000e5200000, 0x00000000e5300000|  0%| F|  |TAMS 0x00000000e5200000, 0x00000000e5200000| Untracked 
|  83|0x00000000e5300000, 0x00000000e5300000, 0x00000000e5400000|  0%| F|  |TAMS 0x00000000e5300000, 0x00000000e5300000| Untracked 
|  84|0x00000000e5400000, 0x00000000e5400000, 0x00000000e5500000|  0%| F|  |TAMS 0x00000000e5400000, 0x00000000e5400000| Untracked 
|  85|0x00000000e5500000, 0x00000000e5600000, 0x00000000e5600000|100%| S|CS|TAMS 0x00000000e5500000, 0x00000000e5500000| Complete 
|  86|0x00000000e5600000, 0x00000000e5700000, 0x00000000e5700000|100%| S|CS|TAMS 0x00000000e5600000, 0x00000000e5600000| Complete 
|  87|0x00000000e5700000, 0x00000000e5800000, 0x00000000e5800000|100%| S|CS|TAMS 0x00000000e5700000, 0x00000000e5700000| Complete 
|  88|0x00000000e5800000, 0x00000000e5900000, 0x00000000e5900000|100%| S|CS|TAMS 0x00000000e5800000, 0x00000000e5800000| Complete 
|  89|0x00000000e5900000, 0x00000000e5a00000, 0x00000000e5a00000|100%| S|CS|TAMS 0x00000000e5900000, 0x00000000e5900000| Complete 
|  90|0x00000000e5a00000, 0x00000000e5b00000, 0x00000000e5b00000|100%| S|CS|TAMS 0x00000000e5a00000, 0x00000000e5a00000| Complete 
|  91|0x00000000e5b00000, 0x00000000e5c00000, 0x00000000e5c00000|100%| S|CS|TAMS 0x00000000e5b00000, 0x00000000e5b00000| Complete 
|  92|0x00000000e5c00000, 0x00000000e5d00000, 0x00000000e5d00000|100%| S|CS|TAMS 0x00000000e5c00000, 0x00000000e5c00000| Complete 
|  93|0x00000000e5d00000, 0x00000000e5e00000, 0x00000000e5e00000|100%| S|CS|TAMS 0x00000000e5d00000, 0x00000000e5d00000| Complete 
|  94|0x00000000e5e00000, 0x00000000e5f00000, 0x00000000e5f00000|100%| S|CS|TAMS 0x00000000e5e00000, 0x00000000e5e00000| Complete 
|  95|0x00000000e5f00000, 0x00000000e6000000, 0x00000000e6000000|100%| S|CS|TAMS 0x00000000e5f00000, 0x00000000e5f00000| Complete 
|  96|0x00000000e6000000, 0x00000000e6100000, 0x00000000e6100000|100%| S|CS|TAMS 0x00000000e6000000, 0x00000000e6000000| Complete 
|  97|0x00000000e6100000, 0x00000000e6200000, 0x00000000e6200000|100%| S|CS|TAMS 0x00000000e6100000, 0x00000000e6100000| Complete 
|  98|0x00000000e6200000, 0x00000000e6300000, 0x00000000e6300000|100%| S|CS|TAMS 0x00000000e6200000, 0x00000000e6200000| Complete 
|  99|0x00000000e6300000, 0x00000000e6400000, 0x00000000e6400000|100%| S|CS|TAMS 0x00000000e6300000, 0x00000000e6300000| Complete 
| 100|0x00000000e6400000, 0x00000000e6500000, 0x00000000e6500000|100%| S|CS|TAMS 0x00000000e6400000, 0x00000000e6400000| Complete 
| 101|0x00000000e6500000, 0x00000000e6600000, 0x00000000e6600000|100%| S|CS|TAMS 0x00000000e6500000, 0x00000000e6500000| Complete 
| 102|0x00000000e6600000, 0x00000000e6700000, 0x00000000e6700000|100%| S|CS|TAMS 0x00000000e6600000, 0x00000000e6600000| Complete 
| 103|0x00000000e6700000, 0x00000000e6700000, 0x00000000e6800000|  0%| F|  |TAMS 0x00000000e6700000, 0x00000000e6700000| Untracked 
| 104|0x00000000e6800000, 0x00000000e6800000, 0x00000000e6900000|  0%| F|  |TAMS 0x00000000e6800000, 0x00000000e6800000| Untracked 
| 105|0x00000000e6900000, 0x00000000e6900000, 0x00000000e6a00000|  0%| F|  |TAMS 0x00000000e6900000, 0x00000000e6900000| Untracked 
| 106|0x00000000e6a00000, 0x00000000e6a00000, 0x00000000e6b00000|  0%| F|  |TAMS 0x00000000e6a00000, 0x00000000e6a00000| Untracked 
| 107|0x00000000e6b00000, 0x00000000e6b00000, 0x00000000e6c00000|  0%| F|  |TAMS 0x00000000e6b00000, 0x00000000e6b00000| Untracked 
| 108|0x00000000e6c00000, 0x00000000e6c00000, 0x00000000e6d00000|  0%| F|  |TAMS 0x00000000e6c00000, 0x00000000e6c00000| Untracked 
| 109|0x00000000e6d00000, 0x00000000e6d00000, 0x00000000e6e00000|  0%| F|  |TAMS 0x00000000e6d00000, 0x00000000e6d00000| Untracked 
| 110|0x00000000e6e00000, 0x00000000e6e00000, 0x00000000e6f00000|  0%| F|  |TAMS 0x00000000e6e00000, 0x00000000e6e00000| Untracked 
| 111|0x00000000e6f00000, 0x00000000e6f00000, 0x00000000e7000000|  0%| F|  |TAMS 0x00000000e6f00000, 0x00000000e6f00000| Untracked 
| 112|0x00000000e7000000, 0x00000000e7000000, 0x00000000e7100000|  0%| F|  |TAMS 0x00000000e7000000, 0x00000000e7000000| Untracked 
| 113|0x00000000e7100000, 0x00000000e7100000, 0x00000000e7200000|  0%| F|  |TAMS 0x00000000e7100000, 0x00000000e7100000| Untracked 
| 114|0x00000000e7200000, 0x00000000e7200000, 0x00000000e7300000|  0%| F|  |TAMS 0x00000000e7200000, 0x00000000e7200000| Untracked 
| 115|0x00000000e7300000, 0x00000000e7300000, 0x00000000e7400000|  0%| F|  |TAMS 0x00000000e7300000, 0x00000000e7300000| Untracked 
| 116|0x00000000e7400000, 0x00000000e7400000, 0x00000000e7500000|  0%| F|  |TAMS 0x00000000e7400000, 0x00000000e7400000| Untracked 
| 117|0x00000000e7500000, 0x00000000e7500000, 0x00000000e7600000|  0%| F|  |TAMS 0x00000000e7500000, 0x00000000e7500000| Untracked 
| 118|0x00000000e7600000, 0x00000000e7600000, 0x00000000e7700000|  0%| F|  |TAMS 0x00000000e7600000, 0x00000000e7600000| Untracked 
| 119|0x00000000e7700000, 0x00000000e7700000, 0x00000000e7800000|  0%| F|  |TAMS 0x00000000e7700000, 0x00000000e7700000| Untracked 
| 120|0x00000000e7800000, 0x00000000e7800000, 0x00000000e7900000|  0%| F|  |TAMS 0x00000000e7800000, 0x00000000e7800000| Untracked 
| 121|0x00000000e7900000, 0x00000000e7900000, 0x00000000e7a00000|  0%| F|  |TAMS 0x00000000e7900000, 0x00000000e7900000| Untracked 
| 122|0x00000000e7a00000, 0x00000000e7a00000, 0x00000000e7b00000|  0%| F|  |TAMS 0x00000000e7a00000, 0x00000000e7a00000| Untracked 
| 123|0x00000000e7b00000, 0x00000000e7b00000, 0x00000000e7c00000|  0%| F|  |TAMS 0x00000000e7b00000, 0x00000000e7b00000| Untracked 
| 124|0x00000000e7c00000, 0x00000000e7c00000, 0x00000000e7d00000|  0%| F|  |TAMS 0x00000000e7c00000, 0x00000000e7c00000| Untracked 
| 125|0x00000000e7d00000, 0x00000000e7d00000, 0x00000000e7e00000|  0%| F|  |TAMS 0x00000000e7d00000, 0x00000000e7d00000| Untracked 
| 126|0x00000000e7e00000, 0x00000000e7e00000, 0x00000000e7f00000|  0%| F|  |TAMS 0x00000000e7e00000, 0x00000000e7e00000| Untracked 
| 127|0x00000000e7f00000, 0x00000000e7f00000, 0x00000000e8000000|  0%| F|  |TAMS 0x00000000e7f00000, 0x00000000e7f00000| Untracked 
| 128|0x00000000e8000000, 0x00000000e8000000, 0x00000000e8100000|  0%| F|  |TAMS 0x00000000e8000000, 0x00000000e8000000| Untracked 
| 129|0x00000000e8100000, 0x00000000e8100000, 0x00000000e8200000|  0%| F|  |TAMS 0x00000000e8100000, 0x00000000e8100000| Untracked 
| 130|0x00000000e8200000, 0x00000000e8200000, 0x00000000e8300000|  0%| F|  |TAMS 0x00000000e8200000, 0x00000000e8200000| Untracked 
| 131|0x00000000e8300000, 0x00000000e8300000, 0x00000000e8400000|  0%| F|  |TAMS 0x00000000e8300000, 0x00000000e8300000| Untracked 
| 132|0x00000000e8400000, 0x00000000e8400000, 0x00000000e8500000|  0%| F|  |TAMS 0x00000000e8400000, 0x00000000e8400000| Untracked 
| 133|0x00000000e8500000, 0x00000000e8500000, 0x00000000e8600000|  0%| F|  |TAMS 0x00000000e8500000, 0x00000000e8500000| Untracked 
| 134|0x00000000e8600000, 0x00000000e8600000, 0x00000000e8700000|  0%| F|  |TAMS 0x00000000e8600000, 0x00000000e8600000| Untracked 
| 135|0x00000000e8700000, 0x00000000e8700000, 0x00000000e8800000|  0%| F|  |TAMS 0x00000000e8700000, 0x00000000e8700000| Untracked 
| 136|0x00000000e8800000, 0x00000000e8800000, 0x00000000e8900000|  0%| F|  |TAMS 0x00000000e8800000, 0x00000000e8800000| Untracked 
| 137|0x00000000e8900000, 0x00000000e8900000, 0x00000000e8a00000|  0%| F|  |TAMS 0x00000000e8900000, 0x00000000e8900000| Untracked 
| 138|0x00000000e8a00000, 0x00000000e8a00000, 0x00000000e8b00000|  0%| F|  |TAMS 0x00000000e8a00000, 0x00000000e8a00000| Untracked 
| 139|0x00000000e8b00000, 0x00000000e8b00000, 0x00000000e8c00000|  0%| F|  |TAMS 0x00000000e8b00000, 0x00000000e8b00000| Untracked 
| 140|0x00000000e8c00000, 0x00000000e8c00000, 0x00000000e8d00000|  0%| F|  |TAMS 0x00000000e8c00000, 0x00000000e8c00000| Untracked 
| 141|0x00000000e8d00000, 0x00000000e8d00000, 0x00000000e8e00000|  0%| F|  |TAMS 0x00000000e8d00000, 0x00000000e8d00000| Untracked 
| 142|0x00000000e8e00000, 0x00000000e8e00000, 0x00000000e8f00000|  0%| F|  |TAMS 0x00000000e8e00000, 0x00000000e8e00000| Untracked 
| 143|0x00000000e8f00000, 0x00000000e8f00000, 0x00000000e9000000|  0%| F|  |TAMS 0x00000000e8f00000, 0x00000000e8f00000| Untracked 
| 144|0x00000000e9000000, 0x00000000e9000000, 0x00000000e9100000|  0%| F|  |TAMS 0x00000000e9000000, 0x00000000e9000000| Untracked 
| 145|0x00000000e9100000, 0x00000000e9100000, 0x00000000e9200000|  0%| F|  |TAMS 0x00000000e9100000, 0x00000000e9100000| Untracked 
| 146|0x00000000e9200000, 0x00000000e9200000, 0x00000000e9300000|  0%| F|  |TAMS 0x00000000e9200000, 0x00000000e9200000| Untracked 
| 147|0x00000000e9300000, 0x00000000e9300000, 0x00000000e9400000|  0%| F|  |TAMS 0x00000000e9300000, 0x00000000e9300000| Untracked 
| 148|0x00000000e9400000, 0x00000000e9400000, 0x00000000e9500000|  0%| F|  |TAMS 0x00000000e9400000, 0x00000000e9400000| Untracked 
| 149|0x00000000e9500000, 0x00000000e9500000, 0x00000000e9600000|  0%| F|  |TAMS 0x00000000e9500000, 0x00000000e9500000| Untracked 
| 150|0x00000000e9600000, 0x00000000e9600000, 0x00000000e9700000|  0%| F|  |TAMS 0x00000000e9600000, 0x00000000e9600000| Untracked 
| 151|0x00000000e9700000, 0x00000000e9700000, 0x00000000e9800000|  0%| F|  |TAMS 0x00000000e9700000, 0x00000000e9700000| Untracked 
| 152|0x00000000e9800000, 0x00000000e9800000, 0x00000000e9900000|  0%| F|  |TAMS 0x00000000e9800000, 0x00000000e9800000| Untracked 
| 153|0x00000000e9900000, 0x00000000e9900000, 0x00000000e9a00000|  0%| F|  |TAMS 0x00000000e9900000, 0x00000000e9900000| Untracked 
| 154|0x00000000e9a00000, 0x00000000e9a00000, 0x00000000e9b00000|  0%| F|  |TAMS 0x00000000e9a00000, 0x00000000e9a00000| Untracked 
| 155|0x00000000e9b00000, 0x00000000e9b00000, 0x00000000e9c00000|  0%| F|  |TAMS 0x00000000e9b00000, 0x00000000e9b00000| Untracked 
| 156|0x00000000e9c00000, 0x00000000e9c00000, 0x00000000e9d00000|  0%| F|  |TAMS 0x00000000e9c00000, 0x00000000e9c00000| Untracked 
| 157|0x00000000e9d00000, 0x00000000e9d00000, 0x00000000e9e00000|  0%| F|  |TAMS 0x00000000e9d00000, 0x00000000e9d00000| Untracked 
| 158|0x00000000e9e00000, 0x00000000e9e00000, 0x00000000e9f00000|  0%| F|  |TAMS 0x00000000e9e00000, 0x00000000e9e00000| Untracked 
| 159|0x00000000e9f00000, 0x00000000e9f00000, 0x00000000ea000000|  0%| F|  |TAMS 0x00000000e9f00000, 0x00000000e9f00000| Untracked 
| 160|0x00000000ea000000, 0x00000000ea000000, 0x00000000ea100000|  0%| F|  |TAMS 0x00000000ea000000, 0x00000000ea000000| Untracked 
| 161|0x00000000ea100000, 0x00000000ea100000, 0x00000000ea200000|  0%| F|  |TAMS 0x00000000ea100000, 0x00000000ea100000| Untracked 
| 162|0x00000000ea200000, 0x00000000ea200000, 0x00000000ea300000|  0%| F|  |TAMS 0x00000000ea200000, 0x00000000ea200000| Untracked 
| 163|0x00000000ea300000, 0x00000000ea300000, 0x00000000ea400000|  0%| F|  |TAMS 0x00000000ea300000, 0x00000000ea300000| Untracked 
| 164|0x00000000ea400000, 0x00000000ea400000, 0x00000000ea500000|  0%| F|  |TAMS 0x00000000ea400000, 0x00000000ea400000| Untracked 
| 165|0x00000000ea500000, 0x00000000ea500000, 0x00000000ea600000|  0%| F|  |TAMS 0x00000000ea500000, 0x00000000ea500000| Untracked 
| 166|0x00000000ea600000, 0x00000000ea600000, 0x00000000ea700000|  0%| F|  |TAMS 0x00000000ea600000, 0x00000000ea600000| Untracked 
| 167|0x00000000ea700000, 0x00000000ea700000, 0x00000000ea800000|  0%| F|  |TAMS 0x00000000ea700000, 0x00000000ea700000| Untracked 
| 168|0x00000000ea800000, 0x00000000ea800000, 0x00000000ea900000|  0%| F|  |TAMS 0x00000000ea800000, 0x00000000ea800000| Untracked 
| 169|0x00000000ea900000, 0x00000000ea900000, 0x00000000eaa00000|  0%| F|  |TAMS 0x00000000ea900000, 0x00000000ea900000| Untracked 
| 170|0x00000000eaa00000, 0x00000000eaa00000, 0x00000000eab00000|  0%| F|  |TAMS 0x00000000eaa00000, 0x00000000eaa00000| Untracked 
| 171|0x00000000eab00000, 0x00000000eab00000, 0x00000000eac00000|  0%| F|  |TAMS 0x00000000eab00000, 0x00000000eab00000| Untracked 
| 172|0x00000000eac00000, 0x00000000eac00000, 0x00000000ead00000|  0%| F|  |TAMS 0x00000000eac00000, 0x00000000eac00000| Untracked 
| 173|0x00000000ead00000, 0x00000000ead00000, 0x00000000eae00000|  0%| F|  |TAMS 0x00000000ead00000, 0x00000000ead00000| Untracked 
| 174|0x00000000eae00000, 0x00000000eae00000, 0x00000000eaf00000|  0%| F|  |TAMS 0x00000000eae00000, 0x00000000eae00000| Untracked 
| 175|0x00000000eaf00000, 0x00000000eaf00000, 0x00000000eb000000|  0%| F|  |TAMS 0x00000000eaf00000, 0x00000000eaf00000| Untracked 
| 176|0x00000000eb000000, 0x00000000eb000000, 0x00000000eb100000|  0%| F|  |TAMS 0x00000000eb000000, 0x00000000eb000000| Untracked 
| 177|0x00000000eb100000, 0x00000000eb100000, 0x00000000eb200000|  0%| F|  |TAMS 0x00000000eb100000, 0x00000000eb100000| Untracked 
| 178|0x00000000eb200000, 0x00000000eb200000, 0x00000000eb300000|  0%| F|  |TAMS 0x00000000eb200000, 0x00000000eb200000| Untracked 
| 179|0x00000000eb300000, 0x00000000eb300000, 0x00000000eb400000|  0%| F|  |TAMS 0x00000000eb300000, 0x00000000eb300000| Untracked 
| 180|0x00000000eb400000, 0x00000000eb400000, 0x00000000eb500000|  0%| F|  |TAMS 0x00000000eb400000, 0x00000000eb400000| Untracked 
| 181|0x00000000eb500000, 0x00000000eb500000, 0x00000000eb600000|  0%| F|  |TAMS 0x00000000eb500000, 0x00000000eb500000| Untracked 
| 182|0x00000000eb600000, 0x00000000eb600000, 0x00000000eb700000|  0%| F|  |TAMS 0x00000000eb600000, 0x00000000eb600000| Untracked 
| 183|0x00000000eb700000, 0x00000000eb700000, 0x00000000eb800000|  0%| F|  |TAMS 0x00000000eb700000, 0x00000000eb700000| Untracked 
| 184|0x00000000eb800000, 0x00000000eb800000, 0x00000000eb900000|  0%| F|  |TAMS 0x00000000eb800000, 0x00000000eb800000| Untracked 
| 185|0x00000000eb900000, 0x00000000eb900000, 0x00000000eba00000|  0%| F|  |TAMS 0x00000000eb900000, 0x00000000eb900000| Untracked 
| 186|0x00000000eba00000, 0x00000000eba00000, 0x00000000ebb00000|  0%| F|  |TAMS 0x00000000eba00000, 0x00000000eba00000| Untracked 
| 187|0x00000000ebb00000, 0x00000000ebb00000, 0x00000000ebc00000|  0%| F|  |TAMS 0x00000000ebb00000, 0x00000000ebb00000| Untracked 
| 188|0x00000000ebc00000, 0x00000000ebc00000, 0x00000000ebd00000|  0%| F|  |TAMS 0x00000000ebc00000, 0x00000000ebc00000| Untracked 
| 189|0x00000000ebd00000, 0x00000000ebd00000, 0x00000000ebe00000|  0%| F|  |TAMS 0x00000000ebd00000, 0x00000000ebd00000| Untracked 
| 190|0x00000000ebe00000, 0x00000000ebe00000, 0x00000000ebf00000|  0%| F|  |TAMS 0x00000000ebe00000, 0x00000000ebe00000| Untracked 
| 191|0x00000000ebf00000, 0x00000000ebf00000, 0x00000000ec000000|  0%| F|  |TAMS 0x00000000ebf00000, 0x00000000ebf00000| Untracked 
| 192|0x00000000ec000000, 0x00000000ec000000, 0x00000000ec100000|  0%| F|  |TAMS 0x00000000ec000000, 0x00000000ec000000| Untracked 
| 193|0x00000000ec100000, 0x00000000ec100000, 0x00000000ec200000|  0%| F|  |TAMS 0x00000000ec100000, 0x00000000ec100000| Untracked 
| 194|0x00000000ec200000, 0x00000000ec200000, 0x00000000ec300000|  0%| F|  |TAMS 0x00000000ec200000, 0x00000000ec200000| Untracked 
| 195|0x00000000ec300000, 0x00000000ec300000, 0x00000000ec400000|  0%| F|  |TAMS 0x00000000ec300000, 0x00000000ec300000| Untracked 
| 196|0x00000000ec400000, 0x00000000ec400000, 0x00000000ec500000|  0%| F|  |TAMS 0x00000000ec400000, 0x00000000ec400000| Untracked 
| 197|0x00000000ec500000, 0x00000000ec500000, 0x00000000ec600000|  0%| F|  |TAMS 0x00000000ec500000, 0x00000000ec500000| Untracked 
| 198|0x00000000ec600000, 0x00000000ec600000, 0x00000000ec700000|  0%| F|  |TAMS 0x00000000ec600000, 0x00000000ec600000| Untracked 
| 199|0x00000000ec700000, 0x00000000ec700000, 0x00000000ec800000|  0%| F|  |TAMS 0x00000000ec700000, 0x00000000ec700000| Untracked 
| 200|0x00000000ec800000, 0x00000000ec800000, 0x00000000ec900000|  0%| F|  |TAMS 0x00000000ec800000, 0x00000000ec800000| Untracked 
| 201|0x00000000ec900000, 0x00000000ec900000, 0x00000000eca00000|  0%| F|  |TAMS 0x00000000ec900000, 0x00000000ec900000| Untracked 
| 202|0x00000000eca00000, 0x00000000eca00000, 0x00000000ecb00000|  0%| F|  |TAMS 0x00000000eca00000, 0x00000000eca00000| Untracked 
| 203|0x00000000ecb00000, 0x00000000ecb00000, 0x00000000ecc00000|  0%| F|  |TAMS 0x00000000ecb00000, 0x00000000ecb00000| Untracked 
| 204|0x00000000ecc00000, 0x00000000ecc00000, 0x00000000ecd00000|  0%| F|  |TAMS 0x00000000ecc00000, 0x00000000ecc00000| Untracked 
| 205|0x00000000ecd00000, 0x00000000ecd00000, 0x00000000ece00000|  0%| F|  |TAMS 0x00000000ecd00000, 0x00000000ecd00000| Untracked 
| 206|0x00000000ece00000, 0x00000000ece00000, 0x00000000ecf00000|  0%| F|  |TAMS 0x00000000ece00000, 0x00000000ece00000| Untracked 
| 207|0x00000000ecf00000, 0x00000000ecf00000, 0x00000000ed000000|  0%| F|  |TAMS 0x00000000ecf00000, 0x00000000ecf00000| Untracked 
| 208|0x00000000ed000000, 0x00000000ed000000, 0x00000000ed100000|  0%| F|  |TAMS 0x00000000ed000000, 0x00000000ed000000| Untracked 
| 209|0x00000000ed100000, 0x00000000ed100000, 0x00000000ed200000|  0%| F|  |TAMS 0x00000000ed100000, 0x00000000ed100000| Untracked 
| 210|0x00000000ed200000, 0x00000000ed200000, 0x00000000ed300000|  0%| F|  |TAMS 0x00000000ed200000, 0x00000000ed200000| Untracked 
| 211|0x00000000ed300000, 0x00000000ed300000, 0x00000000ed400000|  0%| F|  |TAMS 0x00000000ed300000, 0x00000000ed300000| Untracked 
| 212|0x00000000ed400000, 0x00000000ed400000, 0x00000000ed500000|  0%| F|  |TAMS 0x00000000ed400000, 0x00000000ed400000| Untracked 
| 213|0x00000000ed500000, 0x00000000ed500000, 0x00000000ed600000|  0%| F|  |TAMS 0x00000000ed500000, 0x00000000ed500000| Untracked 
| 214|0x00000000ed600000, 0x00000000ed600000, 0x00000000ed700000|  0%| F|  |TAMS 0x00000000ed600000, 0x00000000ed600000| Untracked 
| 215|0x00000000ed700000, 0x00000000ed700000, 0x00000000ed800000|  0%| F|  |TAMS 0x00000000ed700000, 0x00000000ed700000| Untracked 
| 216|0x00000000ed800000, 0x00000000ed800000, 0x00000000ed900000|  0%| F|  |TAMS 0x00000000ed800000, 0x00000000ed800000| Untracked 
| 217|0x00000000ed900000, 0x00000000ed900000, 0x00000000eda00000|  0%| F|  |TAMS 0x00000000ed900000, 0x00000000ed900000| Untracked 
| 218|0x00000000eda00000, 0x00000000eda00000, 0x00000000edb00000|  0%| F|  |TAMS 0x00000000eda00000, 0x00000000eda00000| Untracked 
| 219|0x00000000edb00000, 0x00000000edb00000, 0x00000000edc00000|  0%| F|  |TAMS 0x00000000edb00000, 0x00000000edb00000| Untracked 
| 220|0x00000000edc00000, 0x00000000edc00000, 0x00000000edd00000|  0%| F|  |TAMS 0x00000000edc00000, 0x00000000edc00000| Untracked 
| 221|0x00000000edd00000, 0x00000000edd00000, 0x00000000ede00000|  0%| F|  |TAMS 0x00000000edd00000, 0x00000000edd00000| Untracked 
| 222|0x00000000ede00000, 0x00000000ede00000, 0x00000000edf00000|  0%| F|  |TAMS 0x00000000ede00000, 0x00000000ede00000| Untracked 
| 223|0x00000000edf00000, 0x00000000edf00000, 0x00000000ee000000|  0%| F|  |TAMS 0x00000000edf00000, 0x00000000edf00000| Untracked 
| 224|0x00000000ee000000, 0x00000000ee000000, 0x00000000ee100000|  0%| F|  |TAMS 0x00000000ee000000, 0x00000000ee000000| Untracked 
| 225|0x00000000ee100000, 0x00000000ee100000, 0x00000000ee200000|  0%| F|  |TAMS 0x00000000ee100000, 0x00000000ee100000| Untracked 
| 226|0x00000000ee200000, 0x00000000ee200000, 0x00000000ee300000|  0%| F|  |TAMS 0x00000000ee200000, 0x00000000ee200000| Untracked 
| 227|0x00000000ee300000, 0x00000000ee300000, 0x00000000ee400000|  0%| F|  |TAMS 0x00000000ee300000, 0x00000000ee300000| Untracked 
| 228|0x00000000ee400000, 0x00000000ee400000, 0x00000000ee500000|  0%| F|  |TAMS 0x00000000ee400000, 0x00000000ee400000| Untracked 
| 229|0x00000000ee500000, 0x00000000ee500000, 0x00000000ee600000|  0%| F|  |TAMS 0x00000000ee500000, 0x00000000ee500000| Untracked 
| 230|0x00000000ee600000, 0x00000000ee600000, 0x00000000ee700000|  0%| F|  |TAMS 0x00000000ee600000, 0x00000000ee600000| Untracked 
| 231|0x00000000ee700000, 0x00000000ee700000, 0x00000000ee800000|  0%| F|  |TAMS 0x00000000ee700000, 0x00000000ee700000| Untracked 
| 232|0x00000000ee800000, 0x00000000ee800000, 0x00000000ee900000|  0%| F|  |TAMS 0x00000000ee800000, 0x00000000ee800000| Untracked 
| 233|0x00000000ee900000, 0x00000000ee900000, 0x00000000eea00000|  0%| F|  |TAMS 0x00000000ee900000, 0x00000000ee900000| Untracked 
| 234|0x00000000eea00000, 0x00000000eea59eb8, 0x00000000eeb00000| 35%| E|  |TAMS 0x00000000eea00000, 0x00000000eea00000| Complete 
| 235|0x00000000eeb00000, 0x00000000eec00000, 0x00000000eec00000|100%| E|CS|TAMS 0x00000000eeb00000, 0x00000000eeb00000| Complete 
| 236|0x00000000eec00000, 0x00000000eed00000, 0x00000000eed00000|100%| E|CS|TAMS 0x00000000eec00000, 0x00000000eec00000| Complete 
| 237|0x00000000eed00000, 0x00000000eee00000, 0x00000000eee00000|100%| E|CS|TAMS 0x00000000eed00000, 0x00000000eed00000| Complete 
| 238|0x00000000eee00000, 0x00000000eef00000, 0x00000000eef00000|100%| E|CS|TAMS 0x00000000eee00000, 0x00000000eee00000| Complete 
| 239|0x00000000eef00000, 0x00000000ef000000, 0x00000000ef000000|100%| E|CS|TAMS 0x00000000eef00000, 0x00000000eef00000| Complete 
| 240|0x00000000ef000000, 0x00000000ef100000, 0x00000000ef100000|100%| E|CS|TAMS 0x00000000ef000000, 0x00000000ef000000| Complete 
| 241|0x00000000ef100000, 0x00000000ef200000, 0x00000000ef200000|100%| E|CS|TAMS 0x00000000ef100000, 0x00000000ef100000| Complete 
| 242|0x00000000ef200000, 0x00000000ef300000, 0x00000000ef300000|100%| E|CS|TAMS 0x00000000ef200000, 0x00000000ef200000| Complete 
| 243|0x00000000ef300000, 0x00000000ef400000, 0x00000000ef400000|100%| E|CS|TAMS 0x00000000ef300000, 0x00000000ef300000| Complete 
| 244|0x00000000ef400000, 0x00000000ef500000, 0x00000000ef500000|100%| E|CS|TAMS 0x00000000ef400000, 0x00000000ef400000| Complete 
| 245|0x00000000ef500000, 0x00000000ef600000, 0x00000000ef600000|100%| E|CS|TAMS 0x00000000ef500000, 0x00000000ef500000| Complete 
| 246|0x00000000ef600000, 0x00000000ef700000, 0x00000000ef700000|100%| E|CS|TAMS 0x00000000ef600000, 0x00000000ef600000| Complete 
| 247|0x00000000ef700000, 0x00000000ef800000, 0x00000000ef800000|100%| E|CS|TAMS 0x00000000ef700000, 0x00000000ef700000| Complete 
| 248|0x00000000ef800000, 0x00000000ef900000, 0x00000000ef900000|100%| E|CS|TAMS 0x00000000ef800000, 0x00000000ef800000| Complete 
| 249|0x00000000ef900000, 0x00000000efa00000, 0x00000000efa00000|100%| E|CS|TAMS 0x00000000ef900000, 0x00000000ef900000| Complete 
| 250|0x00000000efa00000, 0x00000000efb00000, 0x00000000efb00000|100%| E|CS|TAMS 0x00000000efa00000, 0x00000000efa00000| Complete 
| 251|0x00000000efb00000, 0x00000000efc00000, 0x00000000efc00000|100%| E|CS|TAMS 0x00000000efb00000, 0x00000000efb00000| Complete 
| 252|0x00000000efc00000, 0x00000000efd00000, 0x00000000efd00000|100%| E|CS|TAMS 0x00000000efc00000, 0x00000000efc00000| Complete 
| 253|0x00000000efd00000, 0x00000000efe00000, 0x00000000efe00000|100%| E|CS|TAMS 0x00000000efd00000, 0x00000000efd00000| Complete 
| 254|0x00000000efe00000, 0x00000000eff00000, 0x00000000eff00000|100%| E|CS|TAMS 0x00000000efe00000, 0x00000000efe00000| Complete 
| 255|0x00000000eff00000, 0x00000000f0000000, 0x00000000f0000000|100%| E|CS|TAMS 0x00000000eff00000, 0x00000000eff00000| Complete 

Card table byte_map: [0x000001c3b07b0000,0x000001c3b08b0000] _byte_map_base: 0x000001c3b00b0000

Marking Bits (Prev, Next): (CMBitMap*) 0x000001c3980f3330, (CMBitMap*) 0x000001c3980f3370
 Prev Bits: [0x000001c3b09b0000, 0x000001c3b11b0000)
 Next Bits: [0x000001c3b11b0000, 0x000001c3b19b0000)

Polling page: 0x000001c397f60000

Metaspace:

Usage:
  Non-class:     42.59 MB used.
      Class:      6.85 MB used.
       Both:     49.43 MB used.

Virtual space:
  Non-class space:       48.00 MB reserved,      42.88 MB ( 89%) committed,  6 nodes.
      Class space:      208.00 MB reserved,       7.12 MB (  3%) committed,  1 nodes.
              Both:      256.00 MB reserved,      50.00 MB ( 20%) committed. 

Chunk freelists:
   Non-Class:  301.00 KB
       Class:  870.00 KB
        Both:  1.14 MB

MaxMetaspaceSize: 256.00 MB
CompressedClassSpaceSize: 208.00 MB
 - commit_granule_bytes: 65536.
 - commit_granule_words: 8192.
 - virtual_space_node_default_size: 1048576.
 - enlarge_chunks_in_place: 1.
 - new_chunks_are_fully_committed: 0.
 - uncommit_free_chunks: 1.
 - use_allocation_guard: 0.
 - handle_deallocations: 1.


Internal statistics:

num_allocs_failed_limit: 6.
num_arena_births: 656.
num_arena_deaths: 0.
num_vsnodes_births: 7.
num_vsnodes_deaths: 0.
num_space_committed: 800.
num_space_uncommitted: 0.
num_chunks_returned_to_freelist: 6.
num_chunks_taken_from_freelist: 2638.
num_chunk_merges: 6.
num_chunk_splits: 1736.
num_chunks_enlarged: 1182.
num_purges: 0.

CodeHeap 'non-profiled nmethods': size=120000Kb used=2756Kb max_used=3166Kb free=117243Kb
 bounds [0x000001c3a8b50000, 0x000001c3a8e80000, 0x000001c3b0080000]
CodeHeap 'profiled nmethods': size=120000Kb used=9893Kb max_used=10910Kb free=110106Kb
 bounds [0x000001c3a1620000, 0x000001c3a20d0000, 0x000001c3a8b50000]
CodeHeap 'non-nmethods': size=5760Kb used=2350Kb max_used=2465Kb free=3409Kb
 bounds [0x000001c3a1080000, 0x000001c3a12f0000, 0x000001c3a1620000]
 total_blobs=6011 nmethods=5144 adapters=779
 compilation: enabled
              stopped_count=0, restarted_count=0
 full_count=0

Compilation events (20 events):
Event: 45.390 Thread 0x000001c3b3fcb8f0 nmethod 5899 0x000001c3a8cf6790 code [0x000001c3a8cf6920, 0x000001c3a8cf69d8]
Event: 45.390 Thread 0x000001c3b3fcb8f0 5900       3       org.gradle.internal.service.scopes.VirtualFileSystemServices$GradleUserHomeServices$$Lambda$117/0x0000000800de14e0::test (12 bytes)
Event: 45.390 Thread 0x000001c3b3fcb8f0 nmethod 5900 0x000001c3a1977590 code [0x000001c3a1977760, 0x000001c3a1977ba8]
Event: 45.390 Thread 0x000001c3b3fcb8f0 5903       3       org.gradle.internal.watch.registry.impl.WatchableHierarchies$RemoveUnwatchedFiles::visitEntry (21 bytes)
Event: 45.390 Thread 0x000001c3b3fcb8f0 nmethod 5903 0x000001c3a1db1310 code [0x000001c3a1db1500, 0x000001c3a1db1af8]
Event: 45.390 Thread 0x000001c3b3fcb8f0 5904       3       org.gradle.internal.watch.registry.impl.WatchableHierarchies$RemoveUnwatchedFiles::shouldBeRemoved (55 bytes)
Event: 45.390 Thread 0x000001c3b3fcb8f0 nmethod 5904 0x000001c3a1db0810 code [0x000001c3a1db0a00, 0x000001c3a1db10d8]
Event: 45.390 Thread 0x000001c3b3fcb8f0 5905       3       org.gradle.internal.watch.registry.impl.WatchableHierarchies::isInWatchableHierarchy (11 bytes)
Event: 45.390 Thread 0x000001c3b3fcb8f0 nmethod 5905 0x000001c3a170c390 code [0x000001c3a170c540, 0x000001c3a170c728]
Event: 45.390 Thread 0x000001c3b3fcb8f0 5902       3       org.gradle.internal.snapshot.DirectorySnapshot$$Lambda$856/0x000000080130cdb8::accept (16 bytes)
Event: 45.391 Thread 0x000001c3b3fcb8f0 nmethod 5902 0x000001c3a170bc10 code [0x000001c3a170bde0, 0x000001c3a170c248]
Event: 45.391 Thread 0x000001c3b3fcb8f0 5901       3       org.gradle.internal.service.scopes.VirtualFileSystemServices$GradleUserHomeServices::lambda$createVirtualFileSystem$0 (16 bytes)
Event: 45.391 Thread 0x000001c3b3fcb8f0 nmethod 5901 0x000001c3a170b690 code [0x000001c3a170b840, 0x000001c3a170bb08]
Event: 45.394 Thread 0x000001c3b3fc2f90 nmethod 5896 0x000001c3a8cf5e10 code [0x000001c3a8cf5fe0, 0x000001c3a8cf63a8]
Event: 45.413 Thread 0x000001c3b3fcb8f0 5906       3       org.gradle.internal.snapshot.RegularFileSnapshot::getType (4 bytes)
Event: 45.413 Thread 0x000001c3b3fcb8f0 nmethod 5906 0x000001c3a1977210 code [0x000001c3a19773a0, 0x000001c3a19774b8]
Event: 45.413 Thread 0x000001c3b3fcb8f0 5907       3       com.google.common.collect.AbstractMultiset::add (9 bytes)
Event: 45.413 Thread 0x000001c3b3fcb8f0 nmethod 5907 0x000001c3a170b210 code [0x000001c3a170b3c0, 0x000001c3a170b5a8]
Event: 45.413 Thread 0x000001c3b3fcb8f0 5908       3       com.google.common.base.Preconditions::checkArgument (28 bytes)
Event: 45.413 Thread 0x000001c3b3fcb8f0 nmethod 5908 0x000001c3a17c6810 code [0x000001c3a17c69e0, 0x000001c3a17c6e68]

GC Heap History (12 events):
Event: 0.336 GC heap before
{Heap before GC invocations=0 (full 0):
 garbage-first heap   total 262144K, used 15360K [0x00000000e0000000, 0x0000000100000000)
  region size 1024K, 13 young (13312K), 0 survivors (0K)
 Metaspace       used 1040K, committed 1216K, reserved 221184K
  class space    used 73K, committed 128K, reserved 212992K
}
Event: 0.340 GC heap after
{Heap after GC invocations=1 (full 0):
 garbage-first heap   total 262144K, used 3943K [0x00000000e0000000, 0x0000000100000000)
  region size 1024K, 2 young (2048K), 2 survivors (2048K)
 Metaspace       used 1040K, committed 1216K, reserved 221184K
  class space    used 73K, committed 128K, reserved 212992K
}
Event: 0.625 GC heap before
{Heap before GC invocations=1 (full 0):
 garbage-first heap   total 262144K, used 21351K [0x00000000e0000000, 0x0000000100000000)
  region size 1024K, 17 young (17408K), 2 survivors (2048K)
 Metaspace       used 3782K, committed 3968K, reserved 221184K
  class space    used 460K, committed 576K, reserved 212992K
}
Event: 0.628 GC heap after
{Heap after GC invocations=2 (full 0):
 garbage-first heap   total 262144K, used 9066K [0x00000000e0000000, 0x0000000100000000)
  region size 1024K, 3 young (3072K), 3 survivors (3072K)
 Metaspace       used 3782K, committed 3968K, reserved 221184K
  class space    used 460K, committed 576K, reserved 212992K
}
Event: 0.861 GC heap before
{Heap before GC invocations=2 (full 0):
 garbage-first heap   total 262144K, used 32618K [0x00000000e0000000, 0x0000000100000000)
  region size 1024K, 25 young (25600K), 3 survivors (3072K)
 Metaspace       used 4007K, committed 4224K, reserved 221184K
  class space    used 473K, committed 576K, reserved 212992K
}
Event: 0.863 GC heap after
{Heap after GC invocations=3 (full 0):
 garbage-first heap   total 262144K, used 12014K [0x00000000e0000000, 0x0000000100000000)
  region size 1024K, 4 young (4096K), 4 survivors (4096K)
 Metaspace       used 4007K, committed 4224K, reserved 221184K
  class space    used 473K, committed 576K, reserved 212992K
}
Event: 3.014 GC heap before
{Heap before GC invocations=3 (full 0):
 garbage-first heap   total 262144K, used 121582K [0x00000000e0000000, 0x0000000100000000)
  region size 1024K, 112 young (114688K), 4 survivors (4096K)
 Metaspace       used 20980K, committed 21248K, reserved 237568K
  class space    used 3116K, committed 3264K, reserved 212992K
}
Event: 3.024 GC heap after
{Heap after GC invocations=4 (full 0):
 garbage-first heap   total 262144K, used 20449K [0x00000000e0000000, 0x0000000100000000)
  region size 1024K, 14 young (14336K), 14 survivors (14336K)
 Metaspace       used 20980K, committed 21248K, reserved 237568K
  class space    used 3116K, committed 3264K, reserved 212992K
}
Event: 4.642 GC heap before
{Heap before GC invocations=5 (full 0):
 garbage-first heap   total 262144K, used 128993K [0x00000000e0000000, 0x0000000100000000)
  region size 1024K, 118 young (120832K), 14 survivors (14336K)
 Metaspace       used 35105K, committed 35520K, reserved 245760K
  class space    used 4753K, committed 4928K, reserved 212992K
}
Event: 4.658 GC heap after
{Heap after GC invocations=6 (full 0):
 garbage-first heap   total 262144K, used 29802K [0x00000000e0000000, 0x0000000100000000)
  region size 1024K, 19 young (19456K), 19 survivors (19456K)
 Metaspace       used 35105K, committed 35520K, reserved 245760K
  class space    used 4753K, committed 4928K, reserved 212992K
}
Event: 6.951 GC heap before
{Heap before GC invocations=7 (full 0):
 garbage-first heap   total 262144K, used 167018K [0x00000000e0000000, 0x0000000100000000)
  region size 1024K, 153 young (156672K), 19 survivors (19456K)
 Metaspace       used 49627K, committed 50112K, reserved 262144K
  class space    used 6859K, committed 7104K, reserved 212992K
}
Event: 6.970 GC heap after
{Heap after GC invocations=8 (full 0):
 garbage-first heap   total 262144K, used 38193K [0x00000000e0000000, 0x0000000100000000)
  region size 1024K, 18 young (18432K), 18 survivors (18432K)
 Metaspace       used 49627K, committed 50112K, reserved 262144K
  class space    used 6859K, committed 7104K, reserved 212992K
}

Deoptimization events (20 events):
Event: 45.371 Thread 0x000001c3b5c24230 DEOPT PACKING pc=0x000001c3a8d4b8cc sp=0x000000b12bafee90
Event: 45.371 Thread 0x000001c3b5c21260 DEOPT UNPACKING pc=0x000001c3a10cd72e sp=0x000000b12b8fece0 mode 2
Event: 45.371 Thread 0x000001c3b5c22250 DEOPT UNPACKING pc=0x000001c3a10cd72e sp=0x000000b12b9fed90 mode 2
Event: 45.371 Thread 0x000001c3b5c24230 DEOPT UNPACKING pc=0x000001c3a10cd72e sp=0x000000b12bafee20 mode 2
Event: 45.381 Thread 0x000001c3b6a5c830 Uncommon trap: trap_request=0xffffff45 fr.pc=0x000001c3a8dba590 relative=0x00000000000006f0
Event: 45.381 Thread 0x000001c3b6a5c830 Uncommon trap: reason=unstable_if action=reinterpret pc=0x000001c3a8dba590 method=org.gradle.internal.logging.text.AbstractLineChoppingStyledTextOutput$2.execute(Lorg/gradle/internal/logging/text/AbstractLineChoppingStyledTextOutput$StateContext;)V @ 30 c
Event: 45.381 Thread 0x000001c3b6a5c830 DEOPT PACKING pc=0x000001c3a8dba590 sp=0x000000b128ffbf40
Event: 45.381 Thread 0x000001c3b6a5c830 DEOPT UNPACKING pc=0x000001c3a10cd72e sp=0x000000b128ffbd68 mode 2
Event: 45.381 Thread 0x000001c3b6a5c830 Uncommon trap: trap_request=0xffffff45 fr.pc=0x000001c3a8be596c relative=0x000000000000046c
Event: 45.381 Thread 0x000001c3b6a5c830 Uncommon trap: reason=unstable_if action=reinterpret pc=0x000001c3a8be596c method=org.gradle.internal.logging.text.AbstractLineChoppingStyledTextOutput$2.execute(Lorg/gradle/internal/logging/text/AbstractLineChoppingStyledTextOutput$StateContext;)V @ 30 c
Event: 45.381 Thread 0x000001c3b6a5c830 DEOPT PACKING pc=0x000001c3a8be596c sp=0x000000b128ffbec0
Event: 45.381 Thread 0x000001c3b6a5c830 DEOPT UNPACKING pc=0x000001c3a10cd72e sp=0x000000b128ffbd58 mode 2
Event: 45.381 Thread 0x000001c3b6a5c830 Uncommon trap: trap_request=0xffffff45 fr.pc=0x000001c3a8be4bd4 relative=0x0000000000000474
Event: 45.381 Thread 0x000001c3b6a5c830 Uncommon trap: reason=unstable_if action=reinterpret pc=0x000001c3a8be4bd4 method=org.gradle.internal.logging.text.AbstractLineChoppingStyledTextOutput$2.execute(Lorg/gradle/internal/logging/text/AbstractLineChoppingStyledTextOutput$StateContext;)V @ 30 c
Event: 45.381 Thread 0x000001c3b6a5c830 DEOPT PACKING pc=0x000001c3a8be4bd4 sp=0x000000b128ffbe60
Event: 45.381 Thread 0x000001c3b6a5c830 DEOPT UNPACKING pc=0x000001c3a10cd72e sp=0x000000b128ffbd60 mode 2
Event: 45.381 Thread 0x000001c3b6a5c830 Uncommon trap: trap_request=0xffffff45 fr.pc=0x000001c3a8c5265c relative=0x00000000000002fc
Event: 45.381 Thread 0x000001c3b6a5c830 Uncommon trap: reason=unstable_if action=reinterpret pc=0x000001c3a8c5265c method=org.gradle.internal.logging.text.AbstractLineChoppingStyledTextOutput$2.execute(Lorg/gradle/internal/logging/text/AbstractLineChoppingStyledTextOutput$StateContext;)V @ 30 c
Event: 45.381 Thread 0x000001c3b6a5c830 DEOPT PACKING pc=0x000001c3a8c5265c sp=0x000000b128ffbdb0
Event: 45.381 Thread 0x000001c3b6a5c830 DEOPT UNPACKING pc=0x000001c3a10cd72e sp=0x000000b128ffbd70 mode 2

Classes unloaded (0 events):
No events

Classes redefined (0 events):
No events

Internal exceptions (20 events):
Event: 6.499 Thread 0x000001c3b6e2cfc0 Exception <a 'java/lang/NoSuchMethodError'{0x00000000e72157f0}: static Lorg/gradle/internal/operations/OperationIdentifier;.<clinit>()V> (0x00000000e72157f0) 
thrown [t:\workspace\open\src\hotspot\share\prims\jni.cpp, line 1210]
Event: 6.500 Thread 0x000001c3b6e2cfc0 Exception <a 'java/lang/NoSuchMethodError'{0x00000000e721d2d0}: static Lorg/gradle/internal/build/event/types/DefaultBinaryPluginIdentifier;.<clinit>()V> (0x00000000e721d2d0) 
thrown [t:\workspace\open\src\hotspot\share\prims\jni.cpp, line 1210]
Event: 6.671 Thread 0x000001c3b6a5c830 Exception <a 'java/lang/IncompatibleClassChangeError'{0x00000000e72c99a0}: Found class java.lang.Object, but interface was expected> (0x00000000e72c99a0) 
thrown [t:\workspace\open\src\hotspot\share\interpreter\linkResolver.cpp, line 857]
Event: 6.827 Thread 0x000001c3b6a5c830 Exception <a 'java/lang/NoSuchMethodError'{0x00000000e6c698c0}: 'java.lang.Object java.lang.invoke.DirectMethodHandle$Holder.invokeVirtual(java.lang.Object, java.lang.Object, java.lang.Object)'> (0x00000000e6c698c0) 
thrown [t:\workspace\open\src\hotspot\share\interpreter\linkResolver.cpp, line 790]
Event: 6.830 Thread 0x000001c3b6a5c830 Exception <a 'java/lang/NoSuchMethodError'{0x00000000e6c8f6c8}: 'void java.lang.invoke.DirectMethodHandle$Holder.invokeVirtual(java.lang.Object, java.lang.Object)'> (0x00000000e6c8f6c8) 
thrown [t:\workspace\open\src\hotspot\share\interpreter\linkResolver.cpp, line 790]
Event: 7.052 Thread 0x000001c3b6a5c830 Exception <a 'java/lang/NoSuchMethodError'{0x00000000ef574a18}: 'void java.lang.invoke.DirectMethodHandle$Holder.invokeStatic(java.lang.Object, java.lang.Object, java.lang.Object, java.lang.Object, java.lang.Object, java.lang.Object, java.lang.Object)'> (0x00000000ef574a18) 
thrown [t:\workspace\open\src\hotspot\share\interpreter\linkResolver.cpp, line 790]
Event: 7.065 Thread 0x000001c3b6e2cfc0 Exception <a 'java/lang/NoSuchMethodError'{0x00000000eff07de8}: static Lorg/gradle/internal/build/event/types/DefaultTaskFinishedProgressEvent;.<clinit>()V> (0x00000000eff07de8) 
thrown [t:\workspace\open\src\hotspot\share\prims\jni.cpp, line 1210]
Event: 7.068 Thread 0x000001c3b6e2cfc0 Exception <a 'java/lang/NoSuchMethodError'{0x00000000ef4c66a0}: static Lorg/gradle/internal/build/event/types/DefaultJavaCompileTaskSuccessResult;.<clinit>()V> (0x00000000ef4c66a0) 
thrown [t:\workspace\open\src\hotspot\share\prims\jni.cpp, line 1210]
Event: 7.068 Thread 0x000001c3b6e2cfc0 Exception <a 'java/lang/NoSuchMethodError'{0x00000000ef4c7ec8}: static Lorg/gradle/internal/build/event/types/DefaultTaskSuccessResult;.<clinit>()V> (0x00000000ef4c7ec8) 
thrown [t:\workspace\open\src\hotspot\share\prims\jni.cpp, line 1210]
Event: 7.068 Thread 0x000001c3b6e2cfc0 Exception <a 'java/lang/NoSuchMethodError'{0x00000000ef4c90f8}: static Lorg/gradle/internal/build/event/types/AbstractTaskResult;.<clinit>()V> (0x00000000ef4c90f8) 
thrown [t:\workspace\open\src\hotspot\share\prims\jni.cpp, line 1210]
Event: 7.068 Thread 0x000001c3b6e2cfc0 Exception <a 'java/lang/NoSuchMethodError'{0x00000000ef4ca6d8}: static Lorg/gradle/internal/build/event/types/AbstractResult;.<clinit>()V> (0x00000000ef4ca6d8) 
thrown [t:\workspace\open\src\hotspot\share\prims\jni.cpp, line 1210]
Event: 7.270 Thread 0x000001c3b5c24230 Exception <a 'java/lang/NoSuchMethodError'{0x00000000ef3d7f70}: 'void java.lang.invoke.DirectMethodHandle$Holder.invokeInterface(java.lang.Object, java.lang.Object, java.lang.Object, java.lang.Object)'> (0x00000000ef3d7f70) 
thrown [t:\workspace\open\src\hotspot\share\interpreter\linkResolver.cpp, line 790]
Event: 7.290 Thread 0x000001c3bc219050 Exception <a 'java/lang/NoSuchMethodError'{0x00000000ef147960}: 'void java.lang.invoke.DirectMethodHandle$Holder.invokeStatic(java.lang.Object, long)'> (0x00000000ef147960) 
thrown [t:\workspace\open\src\hotspot\share\interpreter\linkResolver.cpp, line 790]
Event: 7.290 Thread 0x000001c3bc219050 Exception <a 'java/lang/NoSuchMethodError'{0x00000000ef14d1e0}: 'java.lang.Object java.lang.invoke.DirectMethodHandle$Holder.newInvokeSpecial(java.lang.Object, long)'> (0x00000000ef14d1e0) 
thrown [t:\workspace\open\src\hotspot\share\interpreter\linkResolver.cpp, line 790]
Event: 7.292 Thread 0x000001c3bc219050 Exception <a 'java/lang/NoSuchMethodError'{0x00000000ef153ff0}: 'java.lang.Object java.lang.invoke.DirectMethodHandle$Holder.invokeStatic(java.lang.Object, java.lang.Object, long, java.lang.Object)'> (0x00000000ef153ff0) 
thrown [t:\workspace\open\src\hotspot\share\interpreter\linkResolver.cpp, line 790]
Event: 7.292 Thread 0x000001c3bc219050 Exception <a 'java/lang/NoSuchMethodError'{0x00000000ef157c90}: 'java.lang.Object java.lang.invoke.DirectMethodHandle$Holder.invokeStaticInit(java.lang.Object, java.lang.Object, long, java.lang.Object)'> (0x00000000ef157c90) 
thrown [t:\workspace\open\src\hotspot\share\interpreter\linkResolver.cpp, line 790]
Event: 7.293 Thread 0x000001c3bc219050 Exception <a 'java/lang/NoSuchMethodError'{0x00000000ef15e848}: 'java.lang.Object java.lang.invoke.DirectMethodHandle$Holder.newInvokeSpecial(java.lang.Object, java.lang.Object, long)'> (0x00000000ef15e848) 
thrown [t:\workspace\open\src\hotspot\share\interpreter\linkResolver.cpp, line 790]
Event: 7.293 Thread 0x000001c3bc219050 Exception <a 'java/lang/NoSuchMethodError'{0x00000000ef1625b8}: 'java.lang.Object java.lang.invoke.Invokers$Holder.linkToTargetMethod(java.lang.Object, long, java.lang.Object)'> (0x00000000ef1625b8) 
thrown [t:\workspace\open\src\hotspot\share\interpreter\linkResolver.cpp, line 790]
Event: 45.373 Thread 0x000001c3b6e2cfc0 Exception <a 'java/lang/NoSuchMethodError'{0x00000000eef99b28}: static [Ljava/lang/Object;.<clinit>()V> (0x00000000eef99b28) 
thrown [t:\workspace\open\src\hotspot\share\prims\jni.cpp, line 1210]
Event: 45.388 Thread 0x000001c3b6a5c830 Exception <a 'java/lang/NoSuchMethodError'{0x00000000eef87208}: 'int java.lang.invoke.DirectMethodHandle$Holder.invokeVirtual(java.lang.Object, java.lang.Object, java.lang.Object)'> (0x00000000eef87208) 
thrown [t:\workspace\open\src\hotspot\share\interpreter\linkResolver.cpp, line 790]

Events (20 events):
Event: 22.039 Executing  VM operation: Cleanup done
Event: 32.102 Executing  VM operation: Cleanup
Event: 32.102 Executing  VM operation: Cleanup done
Event: 39.138 Executing  VM operation: Cleanup
Event: 39.138 Executing  VM operation: Cleanup done
Event: 42.150 Executing  VM operation: Cleanup
Event: 42.151 Executing  VM operation: Cleanup done
Event: 43.161 Executing  VM operation: Cleanup
Event: 43.162 Executing  VM operation: Cleanup done
Event: 45.371 Thread 0x000001c3b5c21260 Thread exited: 0x000001c3b5c21260
Event: 45.371 Thread 0x000001c3b5c22250 Thread exited: 0x000001c3b5c22250
Event: 45.371 Thread 0x000001c3b5c24230 Thread exited: 0x000001c3b5c24230
Event: 45.373 loading class java/io/ObjectStreamClass$ExceptionInfo
Event: 45.373 loading class java/io/ObjectStreamClass$ExceptionInfo done
Event: 45.373 loading class java/util/concurrent/ConcurrentLinkedQueue$Itr
Event: 45.376 loading class java/util/concurrent/ConcurrentLinkedQueue$Itr done
Event: 45.383 Executing  VM operation: HandshakeAllThreads
Event: 45.384 Executing  VM operation: HandshakeAllThreads done
Event: 45.384 Executing  VM operation: Cleanup
Event: 45.384 Executing  VM operation: Cleanup done


Dynamic libraries:
0x00007ff66b150000 - 0x00007ff66b160000 	C:\Program Files\Java\jdk-16.0.2\bin\java.exe
0x00007ff812a90000 - 0x00007ff812c85000 	C:\windows\SYSTEM32\ntdll.dll
0x00007ff811a80000 - 0x00007ff811b3e000 	C:\windows\System32\KERNEL32.DLL
0x00007ff8106c0000 - 0x00007ff810988000 	C:\windows\System32\KERNELBASE.dll
0x00007ff8104d0000 - 0x00007ff8105d0000 	C:\windows\System32\ucrtbase.dll
0x00007ff809cd0000 - 0x00007ff809ce8000 	C:\Program Files\Java\jdk-16.0.2\bin\jli.dll
0x00007ff806bc0000 - 0x00007ff806bd9000 	C:\Program Files\Java\jdk-16.0.2\bin\VCRUNTIME140.dll
0x00007ff810af0000 - 0x00007ff810b9e000 	C:\windows\System32\ADVAPI32.dll
0x00007ff811b40000 - 0x00007ff811bde000 	C:\windows\System32\msvcrt.dll
0x00007ff811c90000 - 0x00007ff811d2c000 	C:\windows\System32\sechost.dll
0x00007ff811680000 - 0x00007ff8117a5000 	C:\windows\System32\RPCRT4.dll
0x00007ff8117b0000 - 0x00007ff811950000 	C:\windows\System32\USER32.dll
0x00007ff810600000 - 0x00007ff810622000 	C:\windows\System32\win32u.dll
0x00007ffffe070000 - 0x00007ffffe30a000 	C:\windows\WinSxS\amd64_microsoft.windows.common-controls_6595b64144ccf1df_6.0.19041.1110_none_60b5254171f9507e\COMCTL32.dll
0x00007ff812950000 - 0x00007ff81297b000 	C:\windows\System32\GDI32.dll
0x00007ff8102d0000 - 0x00007ff8103db000 	C:\windows\System32\gdi32full.dll
0x00007ff8103e0000 - 0x00007ff81047d000 	C:\windows\System32\msvcp_win.dll
0x00007ff804f50000 - 0x00007ff804f5a000 	C:\windows\SYSTEM32\VERSION.dll
0x00007ff812920000 - 0x00007ff812950000 	C:\windows\System32\IMM32.DLL
0x00007ff80a320000 - 0x00007ff80a32c000 	C:\Program Files\Java\jdk-16.0.2\bin\vcruntime140_1.dll
0x00007ffff7d20000 - 0x00007ffff7db1000 	C:\Program Files\Java\jdk-16.0.2\bin\msvcp140.dll
0x00007fffaa0e0000 - 0x00007fffaac8b000 	C:\Program Files\Java\jdk-16.0.2\bin\server\jvm.dll
0x00007ff811670000 - 0x00007ff811678000 	C:\windows\System32\PSAPI.DLL
0x00007ff800be0000 - 0x00007ff800c07000 	C:\windows\SYSTEM32\WINMM.dll
0x00007ff800070000 - 0x00007ff800079000 	C:\windows\SYSTEM32\WSOCK32.dll
0x00007ff811eb0000 - 0x00007ff811f1b000 	C:\windows\System32\WS2_32.dll
0x00007ff80def0000 - 0x00007ff80df02000 	C:\windows\SYSTEM32\kernel.appcore.dll
0x00007ff806900000 - 0x00007ff80690a000 	C:\Program Files\Java\jdk-16.0.2\bin\jimage.dll
0x00007ffffe960000 - 0x00007ffffeb44000 	C:\windows\SYSTEM32\DBGHELP.DLL
0x00007ffffe6f0000 - 0x00007ffffe71c000 	C:\windows\SYSTEM32\dbgcore.DLL
0x00007ff810630000 - 0x00007ff8106b2000 	C:\windows\System32\bcryptPrimitives.dll
0x00007ff8057b0000 - 0x00007ff8057d5000 	C:\Program Files\Java\jdk-16.0.2\bin\java.dll
0x00007ff810db0000 - 0x00007ff8114f4000 	C:\windows\System32\SHELL32.dll
0x00007ff80e1d0000 - 0x00007ff80e964000 	C:\windows\SYSTEM32\windows.storage.dll
0x00007ff812070000 - 0x00007ff8123c4000 	C:\windows\System32\combase.dll
0x00007ff80fb40000 - 0x00007ff80fb6c000 	C:\windows\SYSTEM32\Wldp.dll
0x00007ff811f20000 - 0x00007ff811fcd000 	C:\windows\System32\SHCORE.dll
0x00007ff810ba0000 - 0x00007ff810bf5000 	C:\windows\System32\shlwapi.dll
0x00007ff8100f0000 - 0x00007ff81010f000 	C:\windows\SYSTEM32\profapi.dll
0x00007ff805700000 - 0x00007ff805719000 	C:\Program Files\Java\jdk-16.0.2\bin\net.dll
0x00007ff80f1a0000 - 0x00007ff80f2a9000 	C:\windows\SYSTEM32\WINHTTP.dll
0x00007ff80f8a0000 - 0x00007ff80f90a000 	C:\windows\system32\mswsock.dll
0x00007ff8056e0000 - 0x00007ff8056f3000 	C:\Program Files\Java\jdk-16.0.2\bin\nio.dll
0x00007ff8056c0000 - 0x00007ff8056d8000 	C:\Program Files\Java\jdk-16.0.2\bin\zip.dll
0x00007ff8056b0000 - 0x00007ff8056c0000 	C:\Program Files\Java\jdk-16.0.2\bin\verify.dll
0x00007ff80cde0000 - 0x00007ff80ce07000 	C:\Users\SLHSCS203\.gradle\native\8bec1ad78214c89d9ad589b4d07fe93259594b29d510b10fafb7a158f7737e5d\windows-amd64\native-platform.dll
0x00007ffff7dc0000 - 0x00007ffff7efd000 	C:\Users\SLHSCS203\.gradle\native\53dbd7edfb1c66fb8903c78663c9afc45aea4f116125fa6feffd364cf09443e8\windows-amd64\native-platform-file-events.dll
0x00007ff805140000 - 0x00007ff805149000 	C:\Program Files\Java\jdk-16.0.2\bin\management.dll
0x00007ff805130000 - 0x00007ff80513b000 	C:\Program Files\Java\jdk-16.0.2\bin\management_ext.dll
0x00007ff80fa90000 - 0x00007ff80faa8000 	C:\windows\SYSTEM32\CRYPTSP.dll
0x00007ff80f110000 - 0x00007ff80f144000 	C:\windows\system32\rsaenh.dll
0x00007ff8105d0000 - 0x00007ff8105f7000 	C:\windows\System32\bcrypt.dll
0x00007ff8100b0000 - 0x00007ff8100de000 	C:\windows\SYSTEM32\USERENV.dll
0x00007ff80fab0000 - 0x00007ff80fabc000 	C:\windows\SYSTEM32\CRYPTBASE.dll
0x00007ff80f590000 - 0x00007ff80f5cb000 	C:\windows\SYSTEM32\IPHLPAPI.DLL
0x00007ff811fd0000 - 0x00007ff811fd8000 	C:\windows\System32\NSI.dll
0x00007ff80ab10000 - 0x00007ff80ab27000 	C:\windows\SYSTEM32\dhcpcsvc6.DLL
0x00007ff80aaf0000 - 0x00007ff80ab0d000 	C:\windows\SYSTEM32\dhcpcsvc.DLL
0x00007ff80f5d0000 - 0x00007ff80f69a000 	C:\windows\SYSTEM32\DNSAPI.dll
0x00007ff805120000 - 0x00007ff80512e000 	C:\Program Files\Java\jdk-16.0.2\bin\sunmscapi.dll
0x00007ff810990000 - 0x00007ff810ae6000 	C:\windows\System32\CRYPT32.dll
0x00007ff80fbb0000 - 0x00007ff80fbd7000 	C:\windows\SYSTEM32\ncrypt.dll
0x00007ff80fb70000 - 0x00007ff80fbab000 	C:\windows\SYSTEM32\NTASN1.dll
0x00007ff805110000 - 0x00007ff805117000 	C:\windows\system32\wshunix.dll

dbghelp: loaded successfully - version: 4.0.5 - missing functions: none
symbol engine: initialized successfully - sym options: 0x614 - pdb path: .;C:\Program Files\Java\jdk-16.0.2\bin;C:\windows\SYSTEM32;C:\windows\WinSxS\amd64_microsoft.windows.common-controls_6595b64144ccf1df_6.0.19041.1110_none_60b5254171f9507e;C:\Program Files\Java\jdk-16.0.2\bin\server;C:\Users\SLHSCS203\.gradle\native\8bec1ad78214c89d9ad589b4d07fe93259594b29d510b10fafb7a158f7737e5d\windows-amd64;C:\Users\SLHSCS203\.gradle\native\53dbd7edfb1c66fb8903c78663c9afc45aea4f116125fa6feffd364cf09443e8\windows-amd64

VM Arguments:
jvm_args: --add-opens=java.base/java.util=ALL-UNNAMED --add-opens=java.base/java.lang=ALL-UNNAMED --add-opens=java.base/java.lang.invoke=ALL-UNNAMED --add-opens=java.base/java.util=ALL-UNNAMED --add-opens=java.prefs/java.util.prefs=ALL-UNNAMED --add-opens=java.prefs/java.util.prefs=ALL-UNNAMED --add-opens=java.base/java.nio.charset=ALL-UNNAMED --add-opens=java.base/java.net=ALL-UNNAMED --add-opens=java.base/java.util.concurrent.atomic=ALL-UNNAMED -XX:MaxMetaspaceSize=256m -XX:+HeapDumpOnOutOfMemoryError -Xms256m -Xmx512m -Dfile.encoding=windows-1252 -Duser.country=US -Duser.language=en -Duser.variant 
java_command: org.gradle.launcher.daemon.bootstrap.GradleDaemon 7.1
java_class_path (initial): C:\Users\SLHSCS203\.gradle\wrapper\dists\gradle-7.1-bin\4pslxx9lrxt5svtz5wbnb6tkz\gradle-7.1\lib\gradle-launcher-7.1.jar
Launcher Type: SUN_STANDARD

[Global flags]
     intx CICompilerCount                          = 3                                         {product} {ergonomic}
   size_t CompressedClassSpaceSize                 = 218103808                                 {product} {ergonomic}
     uint ConcGCThreads                            = 1                                         {product} {ergonomic}
     uint G1ConcRefinementThreads                  = 4                                         {product} {ergonomic}
   size_t G1HeapRegionSize                         = 1048576                                   {product} {ergonomic}
    uintx GCDrainStackTargetSize                   = 64                                        {product} {ergonomic}
     bool HeapDumpOnOutOfMemoryError               = true                                   {manageable} {command line}
   size_t InitialHeapSize                          = 268435456                                 {product} {command line}
   size_t MarkStackSize                            = 4194304                                   {product} {ergonomic}
   size_t MaxHeapSize                              = 536870912                                 {product} {command line}
   size_t MaxMetaspaceSize                         = 268435456                                 {product} {command line}
   size_t MaxNewSize                               = 321912832                                 {product} {ergonomic}
   size_t MinHeapDeltaBytes                        = 1048576                                   {product} {ergonomic}
   size_t MinHeapSize                              = 268435456                                 {product} {command line}
    uintx NonNMethodCodeHeapSize                   = 5832780                                {pd product} {ergonomic}
    uintx NonProfiledCodeHeapSize                  = 122912730                              {pd product} {ergonomic}
    uintx ProfiledCodeHeapSize                     = 122912730                              {pd product} {ergonomic}
    uintx ReservedCodeCacheSize                    = 251658240                              {pd product} {ergonomic}
     bool SegmentedCodeCache                       = true                                      {product} {ergonomic}
   size_t SoftMaxHeapSize                          = 536870912                              {manageable} {ergonomic}
     bool UseCompressedClassPointers               = true                           {product lp64_product} {ergonomic}
     bool UseCompressedOops                        = true                           {product lp64_product} {ergonomic}
     bool UseG1GC                                  = true                                      {product} {ergonomic}
     bool UseLargePagesIndividualAllocation        = false                                  {pd product} {ergonomic}

Logging:
Log output configuration:
 #0: stdout all=warning uptime,level,tags
 #1: stderr all=off uptime,level,tags

Environment Variables:
PATH=C:\Program Files\Common Files\Oracle\Java\javapath;C:\Program Files (x86)\Common Files\Oracle\Java\javapath;C:\windows\system32;C:\windows;C:\windows\System32\Wbem;C:\windows\System32\WindowsPowerShell\v1.0\;C:\windows\System32\OpenSSH\;C:\Program Files\Git\cmd;C:\Users\SLHSCS203\AppData\Local\Microsoft\WindowsApps;
USERNAME=slhscs203
OS=Windows_NT
PROCESSOR_IDENTIFIER=Intel64 Family 6 Model 94 Stepping 3, GenuineIntel



---------------  S Y S T E M  ---------------

OS:
 Windows 10 , 64 bit Build 19041 (10.0.19041.1566)
OS uptime: 0 days 23:18 hours

CPU: total 4 (initial active 4) (4 cores per cpu, 1 threads per core) family 6 model 94 stepping 3 microcode 0xcc, cx8, cmov, fxsr, mmx, 3dnowpref, sse, sse2, sse3, ssse3, sse4.1, sse4.2, popcnt, lzcnt, tsc, tscinvbit, avx, avx2, aes, erms, clmul, bmi1, bmi2, rtm, adx, fma, vzeroupper, clflush, clflushopt

Memory: 4k page, system-wide physical 16268M (10687M free)
TotalPageFile size 18700M (AvailPageFile size 13683M)
current process WorkingSet (physical memory assigned to process): 335M, peak: 399M
current process commit charge ("private bytes"): 445M, peak: 506M

vm_info: Java HotSpot(TM) 64-Bit Server VM (16.0.2+7-67) for windows-amd64 JRE (16.0.2+7-67), built on Jun  8 2021 23:24:19 by "mach5one" with MS VC++ 16.7 (VS2019)

END.
